{"0": {"description": "Enko South Africa - female students --- Failed to get wrong codes from saved student list", "origin": "Traceback (most recent call last):\n  File \"D:\\Documents\\ENKO EDUCATION\\IT\\CODE\\eduka_code_manager\\student.py\", line 174, in replace_student_codes\n    element = WebDriverWait(driver, wait).until(EC.element_to_be_clickable((By.XPATH, '/html/body/div[2]/div[2]/div/div/table/tbody/tr[1]/td[1]')))\n  File \"D:\\Documents\\ENKO EDUCATION\\IT\\CODE\\eduka_code_manager\\.venv\\lib\\site-packages\\selenium\\webdriver\\support\\wait.py\", line 95, in until\n    raise TimeoutException(message, screen, stacktrace)\nselenium.common.exceptions.TimeoutException: Message: \nStacktrace:\nBacktrace:\n\t(No symbol) [0x009A6643]\n\t(No symbol) [0x0093BE21]\n\t(No symbol) [0x0083DA9D]\n\t(No symbol) [0x00871342]\n\t(No symbol) [0x0087147B]\n\t(No symbol) [0x008A8DC2]\n\t(No symbol) [0x0088FDC4]\n\t(No symbol) [0x008A6B09]\n\t(No symbol) [0x0088FB76]\n\t(No symbol) [0x008649C1]\n\t(No symbol) [0x00865E5D]\n\tGetHandleVerifier [0x00C1A142+2497106]\n\tGetHandleVerifier [0x00C485D3+2686691]\n\tGetHandleVerifier [0x00C4BB9C+2700460]\n\tGetHandleVerifier [0x00A53B10+635936]\n\t(No symbol) [0x00944A1F]\n\t(No symbol) [0x0094A418]\n\t(No symbol) [0x0094A505]\n\t(No symbol) [0x0095508B]\n\tBaseThreadInitThunk [0x755600F9+25]\n\tRtlGetAppContainerNamedObjectPath [0x773E7BBE+286]\n\tRtlGetAppContainerNamedObjectPath [0x773E7B8E+238]\n\n"}}