{"0": {"description": "Enko South Africa - female students --- Failed to get wrong codes from saved student list", "origin": "Traceback (most recent call last):\n  File \"D:\\Documents\\ENKO EDUCATION\\IT\\CODE\\eduka_code_manager\\student.py\", line 174, in replace_student_codes\n    element = WebDriverWait(driver, wait).until(EC.element_to_be_clickable((By.XPATH, '/html/body/div[2]/div[2]/div/div/table/tbody/tr[1]/td[1]')))\n  File \"D:\\Documents\\ENKO EDUCATION\\IT\\CODE\\eduka_code_manager\\.venv\\lib\\site-packages\\selenium\\webdriver\\support\\wait.py\", line 95, in until\n    raise TimeoutException(message, screen, stacktrace)\nselenium.common.exceptions.TimeoutException: Message: \nStacktrace:\nBacktrace:\n\t(No symbol) [0x009E6643]\n\t(No symbol) [0x0097BE21]\n\t(No symbol) [0x0087DA9D]\n\t(No symbol) [0x008B1342]\n\t(No symbol) [0x008B147B]\n\t(No symbol) [0x008E8DC2]\n\t(No symbol) [0x008CFDC4]\n\t(No symbol) [0x008E6B09]\n\t(No symbol) [0x008CFB76]\n\t(No symbol) [0x008A49C1]\n\t(No symbol) [0x008A5E5D]\n\tGetHandleVerifier [0x00C5A142+2497106]\n\tGetHandleVerifier [0x00C885D3+2686691]\n\tGetHandleVerifier [0x00C8BB9C+2700460]\n\tGetHandleVerifier [0x00A93B10+635936]\n\t(No symbol) [0x00984A1F]\n\t(No symbol) [0x0098A418]\n\t(No symbol) [0x0098A505]\n\t(No symbol) [0x0099508B]\n\tBaseThreadInitThunk [0x755600F9+25]\n\tRtlGetAppContainerNamedObjectPath [0x773E7BBE+286]\n\tRtlGetAppContainerNamedObjectPath [0x773E7B8E+238]\n\n"}}