{"0": {"description": "Enko South Africa - female students --- Failed to get wrong codes from saved student list", "origin": "Traceback (most recent call last):\n  File \"D:\\Documents\\ENKO EDUCATION\\IT\\CODE\\eduka_code_manager\\student_V0.py\", line 174, in replace_student_codes\n    element = WebDriverWait(driver, wait).until(EC.element_to_be_clickable((By.XPATH, '//*[@id=\"CustomListTable0\"]/tbody/tr[1]/td[1]')))\n  File \"D:\\Documents\\ENKO EDUCATION\\IT\\CODE\\eduka_code_manager\\.venv\\lib\\site-packages\\selenium\\webdriver\\support\\wait.py\", line 95, in until\n    raise TimeoutException(message, screen, stacktrace)\nselenium.common.exceptions.TimeoutException: Message: \nStacktrace:\nBacktrace:\n\t(No symbol) [0x00976643]\n\t(No symbol) [0x0090BE21]\n\t(No symbol) [0x0080DA9D]\n\t(No symbol) [0x00841342]\n\t(No symbol) [0x0084147B]\n\t(No symbol) [0x00878DC2]\n\t(No symbol) [0x0085FDC4]\n\t(No symbol) [0x00876B09]\n\t(No symbol) [0x0085FB76]\n\t(No symbol) [0x008349C1]\n\t(No symbol) [0x00835E5D]\n\tGetHandleVerifier [0x00BEA142+2497106]\n\tGetHandleVerifier [0x00C185D3+2686691]\n\tGetHandleVerifier [0x00C1BB9C+2700460]\n\tGetHandleVerifier [0x00A23B10+635936]\n\t(No symbol) [0x00914A1F]\n\t(No symbol) [0x0091A418]\n\t(No symbol) [0x0091A505]\n\t(No symbol) [0x0092508B]\n\tBaseThreadInitThunk [0x755600F9+25]\n\tRtlGetAppContainerNamedObjectPath [0x773E7BBE+286]\n\tRtlGetAppContainerNamedObjectPath [0x773E7B8E+238]\n\n"}, "1": {"description": "Pestalozzi Education Centre - male students --- Adding Identification Code Criterion failed", "origin": "Traceback (most recent call last):\n  File \"D:\\Documents\\ENKO EDUCATION\\IT\\CODE\\eduka_code_manager\\student_V0.py\", line 81, in replace_student_codes\n    element = WebDriverWait(driver, wait).until(EC.presence_of_element_located((By.XPATH, '//*[@id=\"CLTableCriteria\"]/tbody/tr/td[4]/button')))\n  File \"D:\\Documents\\ENKO EDUCATION\\IT\\CODE\\eduka_code_manager\\.venv\\lib\\site-packages\\selenium\\webdriver\\support\\wait.py\", line 95, in until\n    raise TimeoutException(message, screen, stacktrace)\nselenium.common.exceptions.TimeoutException: Message: \nStacktrace:\nBacktrace:\n\t(No symbol) [0x00976643]\n\t(No symbol) [0x0090BE21]\n\t(No symbol) [0x0080DA9D]\n\t(No symbol) [0x00841342]\n\t(No symbol) [0x0084147B]\n\t(No symbol) [0x00878DC2]\n\t(No symbol) [0x0085FDC4]\n\t(No symbol) [0x00876B09]\n\t(No symbol) [0x0085FB76]\n\t(No symbol) [0x008349C1]\n\t(No symbol) [0x00835E5D]\n\tGetHandleVerifier [0x00BEA142+2497106]\n\tGetHandleVerifier [0x00C185D3+2686691]\n\tGetHandleVerifier [0x00C1BB9C+2700460]\n\tGetHandleVerifier [0x00A23B10+635936]\n\t(No symbol) [0x00914A1F]\n\t(No symbol) [0x0091A418]\n\t(No symbol) [0x0091A505]\n\t(No symbol) [0x0092508B]\n\tBaseThreadInitThunk [0x755600F9+25]\n\tRtlGetAppContainerNamedObjectPath [0x773E7BBE+286]\n\tRtlGetAppContainerNamedObjectPath [0x773E7B8E+238]\n\n"}, "2": {"description": "Pestalozzi Education Centre - female students --- Adding Identification Code Criterion failed", "origin": "Traceback (most recent call last):\n  File \"D:\\Documents\\ENKO EDUCATION\\IT\\CODE\\eduka_code_manager\\student_V0.py\", line 81, in replace_student_codes\n    element = WebDriverWait(driver, wait).until(EC.presence_of_element_located((By.XPATH, '//*[@id=\"CLTableCriteria\"]/tbody/tr/td[4]/button')))\n  File \"D:\\Documents\\ENKO EDUCATION\\IT\\CODE\\eduka_code_manager\\.venv\\lib\\site-packages\\selenium\\webdriver\\support\\wait.py\", line 95, in until\n    raise TimeoutException(message, screen, stacktrace)\nselenium.common.exceptions.TimeoutException: Message: \nStacktrace:\nBacktrace:\n\t(No symbol) [0x00976643]\n\t(No symbol) [0x0090BE21]\n\t(No symbol) [0x0080DA9D]\n\t(No symbol) [0x00841342]\n\t(No symbol) [0x0084147B]\n\t(No symbol) [0x00878DC2]\n\t(No symbol) [0x0085FDC4]\n\t(No symbol) [0x00876B09]\n\t(No symbol) [0x0085FB76]\n\t(No symbol) [0x008349C1]\n\t(No symbol) [0x00835E5D]\n\tGetHandleVerifier [0x00BEA142+2497106]\n\tGetHandleVerifier [0x00C185D3+2686691]\n\tGetHandleVerifier [0x00C1BB9C+2700460]\n\tGetHandleVerifier [0x00A23B10+635936]\n\t(No symbol) [0x00914A1F]\n\t(No symbol) [0x0091A418]\n\t(No symbol) [0x0091A505]\n\t(No symbol) [0x0092508B]\n\tBaseThreadInitThunk [0x755600F9+25]\n\tRtlGetAppContainerNamedObjectPath [0x773E7BBE+286]\n\tRtlGetAppContainerNamedObjectPath [0x773E7B8E+238]\n\n"}, "3": {"description": "Enko Mozambique - male students --- Adding Identification Code Criterion failed", "origin": "Traceback (most recent call last):\n  File \"D:\\Documents\\ENKO EDUCATION\\IT\\CODE\\eduka_code_manager\\student_V0.py\", line 81, in replace_student_codes\n    element = WebDriverWait(driver, wait).until(EC.presence_of_element_located((By.XPATH, '//*[@id=\"CLTableCriteria\"]/tbody/tr/td[4]/button')))\n  File \"D:\\Documents\\ENKO EDUCATION\\IT\\CODE\\eduka_code_manager\\.venv\\lib\\site-packages\\selenium\\webdriver\\support\\wait.py\", line 95, in until\n    raise TimeoutException(message, screen, stacktrace)\nselenium.common.exceptions.TimeoutException: Message: \nStacktrace:\nBacktrace:\n\t(No symbol) [0x00976643]\n\t(No symbol) [0x0090BE21]\n\t(No symbol) [0x0080DA9D]\n\t(No symbol) [0x00841342]\n\t(No symbol) [0x0084147B]\n\t(No symbol) [0x00878DC2]\n\t(No symbol) [0x0085FDC4]\n\t(No symbol) [0x00876B09]\n\t(No symbol) [0x0085FB76]\n\t(No symbol) [0x008349C1]\n\t(No symbol) [0x00835E5D]\n\tGetHandleVerifier [0x00BEA142+2497106]\n\tGetHandleVerifier [0x00C185D3+2686691]\n\tGetHandleVerifier [0x00C1BB9C+2700460]\n\tGetHandleVerifier [0x00A23B10+635936]\n\t(No symbol) [0x00914A1F]\n\t(No symbol) [0x0091A418]\n\t(No symbol) [0x0091A505]\n\t(No symbol) [0x0092508B]\n\tBaseThreadInitThunk [0x755600F9+25]\n\tRtlGetAppContainerNamedObjectPath [0x773E7BBE+286]\n\tRtlGetAppContainerNamedObjectPath [0x773E7B8E+238]\n\n"}, "4": {"description": "Enko Mozambique - female students --- Adding Identification Code Criterion failed", "origin": "Traceback (most recent call last):\n  File \"D:\\Documents\\ENKO EDUCATION\\IT\\CODE\\eduka_code_manager\\student_V0.py\", line 81, in replace_student_codes\n    element = WebDriverWait(driver, wait).until(EC.presence_of_element_located((By.XPATH, '//*[@id=\"CLTableCriteria\"]/tbody/tr/td[4]/button')))\n  File \"D:\\Documents\\ENKO EDUCATION\\IT\\CODE\\eduka_code_manager\\.venv\\lib\\site-packages\\selenium\\webdriver\\support\\wait.py\", line 95, in until\n    raise TimeoutException(message, screen, stacktrace)\nselenium.common.exceptions.TimeoutException: Message: \nStacktrace:\nBacktrace:\n\t(No symbol) [0x00976643]\n\t(No symbol) [0x0090BE21]\n\t(No symbol) [0x0080DA9D]\n\t(No symbol) [0x00841342]\n\t(No symbol) [0x0084147B]\n\t(No symbol) [0x00878DC2]\n\t(No symbol) [0x0085FDC4]\n\t(No symbol) [0x00876B09]\n\t(No symbol) [0x0085FB76]\n\t(No symbol) [0x008349C1]\n\t(No symbol) [0x00835E5D]\n\tGetHandleVerifier [0x00BEA142+2497106]\n\tGetHandleVerifier [0x00C185D3+2686691]\n\tGetHandleVerifier [0x00C1BB9C+2700460]\n\tGetHandleVerifier [0x00A23B10+635936]\n\t(No symbol) [0x00914A1F]\n\t(No symbol) [0x0091A418]\n\t(No symbol) [0x0091A505]\n\t(No symbol) [0x0092508B]\n\tBaseThreadInitThunk [0x755600F9+25]\n\tRtlGetAppContainerNamedObjectPath [0x773E7BBE+286]\n\tRtlGetAppContainerNamedObjectPath [0x773E7B8E+238]\n\n"}, "5": {"description": "Enko Botho - male students --- Adding Identification Code Criterion failed", "origin": "Traceback (most recent call last):\n  File \"D:\\Documents\\ENKO EDUCATION\\IT\\CODE\\eduka_code_manager\\student_V0.py\", line 81, in replace_student_codes\n    element = WebDriverWait(driver, wait).until(EC.presence_of_element_located((By.XPATH, '//*[@id=\"CLTableCriteria\"]/tbody/tr/td[4]/button')))\n  File \"D:\\Documents\\ENKO EDUCATION\\IT\\CODE\\eduka_code_manager\\.venv\\lib\\site-packages\\selenium\\webdriver\\support\\wait.py\", line 95, in until\n    raise TimeoutException(message, screen, stacktrace)\nselenium.common.exceptions.TimeoutException: Message: \nStacktrace:\nBacktrace:\n\t(No symbol) [0x00976643]\n\t(No symbol) [0x0090BE21]\n\t(No symbol) [0x0080DA9D]\n\t(No symbol) [0x00841342]\n\t(No symbol) [0x0084147B]\n\t(No symbol) [0x00878DC2]\n\t(No symbol) [0x0085FDC4]\n\t(No symbol) [0x00876B09]\n\t(No symbol) [0x0085FB76]\n\t(No symbol) [0x008349C1]\n\t(No symbol) [0x00835E5D]\n\tGetHandleVerifier [0x00BEA142+2497106]\n\tGetHandleVerifier [0x00C185D3+2686691]\n\tGetHandleVerifier [0x00C1BB9C+2700460]\n\tGetHandleVerifier [0x00A23B10+635936]\n\t(No symbol) [0x00914A1F]\n\t(No symbol) [0x0091A418]\n\t(No symbol) [0x0091A505]\n\t(No symbol) [0x0092508B]\n\tBaseThreadInitThunk [0x755600F9+25]\n\tRtlGetAppContainerNamedObjectPath [0x773E7BBE+286]\n\tRtlGetAppContainerNamedObjectPath [0x773E7B8E+238]\n\n"}, "6": {"description": "Enko Botho - female students --- Adding Identification Code Criterion failed", "origin": "Traceback (most recent call last):\n  File \"D:\\Documents\\ENKO EDUCATION\\IT\\CODE\\eduka_code_manager\\student_V0.py\", line 81, in replace_student_codes\n    element = WebDriverWait(driver, wait).until(EC.presence_of_element_located((By.XPATH, '//*[@id=\"CLTableCriteria\"]/tbody/tr/td[4]/button')))\n  File \"D:\\Documents\\ENKO EDUCATION\\IT\\CODE\\eduka_code_manager\\.venv\\lib\\site-packages\\selenium\\webdriver\\support\\wait.py\", line 95, in until\n    raise TimeoutException(message, screen, stacktrace)\nselenium.common.exceptions.TimeoutException: Message: \nStacktrace:\nBacktrace:\n\t(No symbol) [0x00976643]\n\t(No symbol) [0x0090BE21]\n\t(No symbol) [0x0080DA9D]\n\t(No symbol) [0x00841342]\n\t(No symbol) [0x0084147B]\n\t(No symbol) [0x00878DC2]\n\t(No symbol) [0x0085FDC4]\n\t(No symbol) [0x00876B09]\n\t(No symbol) [0x0085FB76]\n\t(No symbol) [0x008349C1]\n\t(No symbol) [0x00835E5D]\n\tGetHandleVerifier [0x00BEA142+2497106]\n\tGetHandleVerifier [0x00C185D3+2686691]\n\tGetHandleVerifier [0x00C1BB9C+2700460]\n\tGetHandleVerifier [0x00A23B10+635936]\n\t(No symbol) [0x00914A1F]\n\t(No symbol) [0x0091A418]\n\t(No symbol) [0x0091A505]\n\t(No symbol) [0x0092508B]\n\tBaseThreadInitThunk [0x755600F9+25]\n\tRtlGetAppContainerNamedObjectPath [0x773E7BBE+286]\n\tRtlGetAppContainerNamedObjectPath [0x773E7B8E+238]\n\n"}}