{"0": {"description": "ZA --- Failed to save code replacement of MASONDOYE with ZA-00-230362", "origin": "Traceback (most recent call last):\n  File \"D:\\Documents\\ENKO EDUCATION\\IT\\CODE\\eduka_code_manager\\family.py\", line 242, in replace_family_codes\n    element = WebDriverWait(driver2, wait).until(EC.element_to_be_clickable((By.XPATH, '/html/body/div[8]/div[11]/div/button[1]')))\n  File \"D:\\Documents\\ENKO EDUCATION\\IT\\CODE\\eduka_code_manager\\.venv\\lib\\site-packages\\selenium\\webdriver\\support\\wait.py\", line 86, in until\n    value = method(self._driver)\n  File \"D:\\Documents\\ENKO EDUCATION\\IT\\CODE\\eduka_code_manager\\.venv\\lib\\site-packages\\selenium\\webdriver\\support\\expected_conditions.py\", line 313, in _predicate\n    target = visibility_of(target)(driver)\n  File \"D:\\Documents\\ENKO EDUCATION\\IT\\CODE\\eduka_code_manager\\.venv\\lib\\site-packages\\selenium\\webdriver\\support\\expected_conditions.py\", line 141, in _predicate\n    return _element_if_visible(element)\n  File \"D:\\Documents\\ENKO EDUCATION\\IT\\CODE\\eduka_code_manager\\.venv\\lib\\site-packages\\selenium\\webdriver\\support\\expected_conditions.py\", line 147, in _element_if_visible\n    return element if element.is_displayed() == visibility else False\n  File \"D:\\Documents\\ENKO EDUCATION\\IT\\CODE\\eduka_code_manager\\.venv\\lib\\site-packages\\selenium\\webdriver\\remote\\webelement.py\", line 264, in is_displayed\n    return self.parent.execute_script(\"return (%s).apply(null, arguments);\" % isDisplayed_js, self)\n  File \"D:\\Documents\\ENKO EDUCATION\\IT\\CODE\\eduka_code_manager\\.venv\\lib\\site-packages\\selenium\\webdriver\\remote\\webdriver.py\", line 506, in execute_script\n    return self.execute(command, {\"script\": script, \"args\": converted_args})[\"value\"]\n  File \"D:\\Documents\\ENKO EDUCATION\\IT\\CODE\\eduka_code_manager\\.venv\\lib\\site-packages\\selenium\\webdriver\\remote\\webdriver.py\", line 444, in execute\n    self.error_handler.check_response(response)\n  File \"D:\\Documents\\ENKO EDUCATION\\IT\\CODE\\eduka_code_manager\\.venv\\lib\\site-packages\\selenium\\webdriver\\remote\\errorhandler.py\", line 249, in check_response\n    raise exception_class(message, screen, stacktrace)\nselenium.common.exceptions.StaleElementReferenceException: Message: stale element reference: element is not attached to the page document\n  (Session info: headless chrome=108.0.5359.125)\nStacktrace:\nBacktrace:\n\t(No symbol) [0x0058F243]\n\t(No symbol) [0x00517FD1]\n\t(No symbol) [0x0040D04D]\n\t(No symbol) [0x0040FD34]\n\t(No symbol) [0x0040FBE5]\n\t(No symbol) [0x00410565]\n\t(No symbol) [0x0046D47C]\n\t(No symbol) [0x0045858C]\n\t(No symbol) [0x0046C9EB]\n\t(No symbol) [0x00458386]\n\t(No symbol) [0x0043163C]\n\t(No symbol) [0x0043269D]\n\tGetHandleVerifier [0x00829A22+2655074]\n\tGetHandleVerifier [0x0081CA24+2601828]\n\tGetHandleVerifier [0x00638C0A+619850]\n\tGetHandleVerifier [0x00637830+614768]\n\t(No symbol) [0x005205FC]\n\t(No symbol) [0x00525968]\n\t(No symbol) [0x00525A55]\n\t(No symbol) [0x0053051B]\n\tBaseThreadInitThunk [0x75C400F9+25]\n\tRtlGetAppContainerNamedObjectPath [0x77CE7BBE+286]\n\tRtlGetAppContainerNamedObjectPath [0x77CE7B8E+238]\n\n"}, "1": {"description": "ZA --- Failed to save code replacement of MASUNGWIES with ZA-00-230362", "origin": "Traceback (most recent call last):\n  File \"D:\\Documents\\ENKO EDUCATION\\IT\\CODE\\eduka_code_manager\\family.py\", line 233, in replace_family_codes\n    driver2.find_element(By.XPATH,'//*[@id=\"UserCodeBox\"]').click()\n  File \"D:\\Documents\\ENKO EDUCATION\\IT\\CODE\\eduka_code_manager\\.venv\\lib\\site-packages\\selenium\\webdriver\\remote\\webelement.py\", line 93, in click\n    self._execute(Command.CLICK_ELEMENT)\n  File \"D:\\Documents\\ENKO EDUCATION\\IT\\CODE\\eduka_code_manager\\.venv\\lib\\site-packages\\selenium\\webdriver\\remote\\webelement.py\", line 410, in _execute\n    return self._parent.execute(command, params)\n  File \"D:\\Documents\\ENKO EDUCATION\\IT\\CODE\\eduka_code_manager\\.venv\\lib\\site-packages\\selenium\\webdriver\\remote\\webdriver.py\", line 444, in execute\n    self.error_handler.check_response(response)\n  File \"D:\\Documents\\ENKO EDUCATION\\IT\\CODE\\eduka_code_manager\\.venv\\lib\\site-packages\\selenium\\webdriver\\remote\\errorhandler.py\", line 249, in check_response\n    raise exception_class(message, screen, stacktrace)\nselenium.common.exceptions.ElementClickInterceptedException: Message: element click intercepted: Element <textarea class=\"ImportBox\" id=\"UserCodeBox\" style=\"height: 160px;\"></textarea> is not clickable at point (677, 451). Other element would receive the click: <div class=\"ui-dialog-buttonset\">...</div>\n  (Session info: headless chrome=108.0.5359.125)\nStacktrace:\nBacktrace:\n\t(No symbol) [0x0058F243]\n\t(No symbol) [0x00517FD1]\n\t(No symbol) [0x0040D04D]\n\t(No symbol) [0x004428B9]\n\t(No symbol) [0x004408CC]\n\t(No symbol) [0x0043E4CB]\n\t(No symbol) [0x0043D164]\n\t(No symbol) [0x004332A6]\n\t(No symbol) [0x0045858C]\n\t(No symbol) [0x00432BFF]\n\t(No symbol) [0x00458804]\n\t(No symbol) [0x0046C9EB]\n\t(No symbol) [0x00458386]\n\t(No symbol) [0x0043163C]\n\t(No symbol) [0x0043269D]\n\tGetHandleVerifier [0x00829A22+2655074]\n\tGetHandleVerifier [0x0081CA24+2601828]\n\tGetHandleVerifier [0x00638C0A+619850]\n\tGetHandleVerifier [0x00637830+614768]\n\t(No symbol) [0x005205FC]\n\t(No symbol) [0x00525968]\n\t(No symbol) [0x00525A55]\n\t(No symbol) [0x0053051B]\n\tBaseThreadInitThunk [0x75C400F9+25]\n\tRtlGetAppContainerNamedObjectPath [0x77CE7BBE+286]\n\tRtlGetAppContainerNamedObjectPath [0x77CE7B8E+238]\n\n"}, "2": {"description": "ZA --- Failed to save code replacement of THEKOAY with ZA-00-230362", "origin": "Traceback (most recent call last):\n  File \"D:\\Documents\\ENKO EDUCATION\\IT\\CODE\\eduka_code_manager\\family.py\", line 233, in replace_family_codes\n    driver2.find_element(By.XPATH,'//*[@id=\"UserCodeBox\"]').click()\n  File \"D:\\Documents\\ENKO EDUCATION\\IT\\CODE\\eduka_code_manager\\.venv\\lib\\site-packages\\selenium\\webdriver\\remote\\webelement.py\", line 93, in click\n    self._execute(Command.CLICK_ELEMENT)\n  File \"D:\\Documents\\ENKO EDUCATION\\IT\\CODE\\eduka_code_manager\\.venv\\lib\\site-packages\\selenium\\webdriver\\remote\\webelement.py\", line 410, in _execute\n    return self._parent.execute(command, params)\n  File \"D:\\Documents\\ENKO EDUCATION\\IT\\CODE\\eduka_code_manager\\.venv\\lib\\site-packages\\selenium\\webdriver\\remote\\webdriver.py\", line 444, in execute\n    self.error_handler.check_response(response)\n  File \"D:\\Documents\\ENKO EDUCATION\\IT\\CODE\\eduka_code_manager\\.venv\\lib\\site-packages\\selenium\\webdriver\\remote\\errorhandler.py\", line 249, in check_response\n    raise exception_class(message, screen, stacktrace)\nselenium.common.exceptions.ElementClickInterceptedException: Message: element click intercepted: Element <textarea class=\"ImportBox\" id=\"UserCodeBox\" style=\"height: 160px;\"></textarea> is not clickable at point (677, 451). Other element would receive the click: <div class=\"ui-dialog-buttonset\">...</div>\n  (Session info: headless chrome=108.0.5359.125)\nStacktrace:\nBacktrace:\n\t(No symbol) [0x0058F243]\n\t(No symbol) [0x00517FD1]\n\t(No symbol) [0x0040D04D]\n\t(No symbol) [0x004428B9]\n\t(No symbol) [0x004408CC]\n\t(No symbol) [0x0043E4CB]\n\t(No symbol) [0x0043D164]\n\t(No symbol) [0x004332A6]\n\t(No symbol) [0x0045858C]\n\t(No symbol) [0x00432BFF]\n\t(No symbol) [0x00458804]\n\t(No symbol) [0x0046C9EB]\n\t(No symbol) [0x00458386]\n\t(No symbol) [0x0043163C]\n\t(No symbol) [0x0043269D]\n\tGetHandleVerifier [0x00829A22+2655074]\n\tGetHandleVerifier [0x0081CA24+2601828]\n\tGetHandleVerifier [0x00638C0A+619850]\n\tGetHandleVerifier [0x00637830+614768]\n\t(No symbol) [0x005205FC]\n\t(No symbol) [0x00525968]\n\t(No symbol) [0x00525A55]\n\t(No symbol) [0x0053051B]\n\tBaseThreadInitThunk [0x75C400F9+25]\n\tRtlGetAppContainerNamedObjectPath [0x77CE7BBE+286]\n\tRtlGetAppContainerNamedObjectPath [0x77CE7B8E+238]\n\n"}, "3": {"description": "ZA --- Failed to save code replacement of MAZIBUKOKE with ZA-00-230362", "origin": "Traceback (most recent call last):\n  File \"D:\\Documents\\ENKO EDUCATION\\IT\\CODE\\eduka_code_manager\\family.py\", line 233, in replace_family_codes\n    driver2.find_element(By.XPATH,'//*[@id=\"UserCodeBox\"]').click()\n  File \"D:\\Documents\\ENKO EDUCATION\\IT\\CODE\\eduka_code_manager\\.venv\\lib\\site-packages\\selenium\\webdriver\\remote\\webelement.py\", line 93, in click\n    self._execute(Command.CLICK_ELEMENT)\n  File \"D:\\Documents\\ENKO EDUCATION\\IT\\CODE\\eduka_code_manager\\.venv\\lib\\site-packages\\selenium\\webdriver\\remote\\webelement.py\", line 410, in _execute\n    return self._parent.execute(command, params)\n  File \"D:\\Documents\\ENKO EDUCATION\\IT\\CODE\\eduka_code_manager\\.venv\\lib\\site-packages\\selenium\\webdriver\\remote\\webdriver.py\", line 444, in execute\n    self.error_handler.check_response(response)\n  File \"D:\\Documents\\ENKO EDUCATION\\IT\\CODE\\eduka_code_manager\\.venv\\lib\\site-packages\\selenium\\webdriver\\remote\\errorhandler.py\", line 249, in check_response\n    raise exception_class(message, screen, stacktrace)\nselenium.common.exceptions.ElementClickInterceptedException: Message: element click intercepted: Element <textarea class=\"ImportBox\" id=\"UserCodeBox\" style=\"height: 160px;\"></textarea> is not clickable at point (677, 451). Other element would receive the click: <div class=\"ui-dialog-buttonset\">...</div>\n  (Session info: headless chrome=108.0.5359.125)\nStacktrace:\nBacktrace:\n\t(No symbol) [0x0058F243]\n\t(No symbol) [0x00517FD1]\n\t(No symbol) [0x0040D04D]\n\t(No symbol) [0x004428B9]\n\t(No symbol) [0x004408CC]\n\t(No symbol) [0x0043E4CB]\n\t(No symbol) [0x0043D164]\n\t(No symbol) [0x004332A6]\n\t(No symbol) [0x0045858C]\n\t(No symbol) [0x00432BFF]\n\t(No symbol) [0x00458804]\n\t(No symbol) [0x0046C9EB]\n\t(No symbol) [0x00458386]\n\t(No symbol) [0x0043163C]\n\t(No symbol) [0x0043269D]\n\tGetHandleVerifier [0x00829A22+2655074]\n\tGetHandleVerifier [0x0081CA24+2601828]\n\tGetHandleVerifier [0x00638C0A+619850]\n\tGetHandleVerifier [0x00637830+614768]\n\t(No symbol) [0x005205FC]\n\t(No symbol) [0x00525968]\n\t(No symbol) [0x00525A55]\n\t(No symbol) [0x0053051B]\n\tBaseThreadInitThunk [0x75C400F9+25]\n\tRtlGetAppContainerNamedObjectPath [0x77CE7BBE+286]\n\tRtlGetAppContainerNamedObjectPath [0x77CE7B8E+238]\n\n"}, "4": {"description": "ZA --- Failed to save code replacement of MBANJWANO with ZA-00-230362", "origin": "Traceback (most recent call last):\n  File \"D:\\Documents\\ENKO EDUCATION\\IT\\CODE\\eduka_code_manager\\family.py\", line 233, in replace_family_codes\n    driver2.find_element(By.XPATH,'//*[@id=\"UserCodeBox\"]').click()\n  File \"D:\\Documents\\ENKO EDUCATION\\IT\\CODE\\eduka_code_manager\\.venv\\lib\\site-packages\\selenium\\webdriver\\remote\\webelement.py\", line 93, in click\n    self._execute(Command.CLICK_ELEMENT)\n  File \"D:\\Documents\\ENKO EDUCATION\\IT\\CODE\\eduka_code_manager\\.venv\\lib\\site-packages\\selenium\\webdriver\\remote\\webelement.py\", line 410, in _execute\n    return self._parent.execute(command, params)\n  File \"D:\\Documents\\ENKO EDUCATION\\IT\\CODE\\eduka_code_manager\\.venv\\lib\\site-packages\\selenium\\webdriver\\remote\\webdriver.py\", line 444, in execute\n    self.error_handler.check_response(response)\n  File \"D:\\Documents\\ENKO EDUCATION\\IT\\CODE\\eduka_code_manager\\.venv\\lib\\site-packages\\selenium\\webdriver\\remote\\errorhandler.py\", line 249, in check_response\n    raise exception_class(message, screen, stacktrace)\nselenium.common.exceptions.ElementClickInterceptedException: Message: element click intercepted: Element <textarea class=\"ImportBox\" id=\"UserCodeBox\" style=\"height: 160px;\"></textarea> is not clickable at point (677, 451). Other element would receive the click: <div class=\"ui-dialog-buttonset\">...</div>\n  (Session info: headless chrome=108.0.5359.125)\nStacktrace:\nBacktrace:\n\t(No symbol) [0x0058F243]\n\t(No symbol) [0x00517FD1]\n\t(No symbol) [0x0040D04D]\n\t(No symbol) [0x004428B9]\n\t(No symbol) [0x004408CC]\n\t(No symbol) [0x0043E4CB]\n\t(No symbol) [0x0043D164]\n\t(No symbol) [0x004332A6]\n\t(No symbol) [0x0045858C]\n\t(No symbol) [0x00432BFF]\n\t(No symbol) [0x00458804]\n\t(No symbol) [0x0046C9EB]\n\t(No symbol) [0x00458386]\n\t(No symbol) [0x0043163C]\n\t(No symbol) [0x0043269D]\n\tGetHandleVerifier [0x00829A22+2655074]\n\tGetHandleVerifier [0x0081CA24+2601828]\n\tGetHandleVerifier [0x00638C0A+619850]\n\tGetHandleVerifier [0x00637830+614768]\n\t(No symbol) [0x005205FC]\n\t(No symbol) [0x00525968]\n\t(No symbol) [0x00525A55]\n\t(No symbol) [0x0053051B]\n\tBaseThreadInitThunk [0x75C400F9+25]\n\tRtlGetAppContainerNamedObjectPath [0x77CE7BBE+286]\n\tRtlGetAppContainerNamedObjectPath [0x77CE7B8E+238]\n\n"}, "5": {"description": "ZA --- Failed to save code replacement of MELTAFTH with ZA-00-230362", "origin": "Traceback (most recent call last):\n  File \"D:\\Documents\\ENKO EDUCATION\\IT\\CODE\\eduka_code_manager\\family.py\", line 233, in replace_family_codes\n    driver2.find_element(By.XPATH,'//*[@id=\"UserCodeBox\"]').click()\n  File \"D:\\Documents\\ENKO EDUCATION\\IT\\CODE\\eduka_code_manager\\.venv\\lib\\site-packages\\selenium\\webdriver\\remote\\webelement.py\", line 93, in click\n    self._execute(Command.CLICK_ELEMENT)\n  File \"D:\\Documents\\ENKO EDUCATION\\IT\\CODE\\eduka_code_manager\\.venv\\lib\\site-packages\\selenium\\webdriver\\remote\\webelement.py\", line 410, in _execute\n    return self._parent.execute(command, params)\n  File \"D:\\Documents\\ENKO EDUCATION\\IT\\CODE\\eduka_code_manager\\.venv\\lib\\site-packages\\selenium\\webdriver\\remote\\webdriver.py\", line 444, in execute\n    self.error_handler.check_response(response)\n  File \"D:\\Documents\\ENKO EDUCATION\\IT\\CODE\\eduka_code_manager\\.venv\\lib\\site-packages\\selenium\\webdriver\\remote\\errorhandler.py\", line 249, in check_response\n    raise exception_class(message, screen, stacktrace)\nselenium.common.exceptions.ElementClickInterceptedException: Message: element click intercepted: Element <textarea class=\"ImportBox\" id=\"UserCodeBox\" style=\"height: 160px;\"></textarea> is not clickable at point (677, 451). Other element would receive the click: <div class=\"ui-dialog-buttonset\">...</div>\n  (Session info: headless chrome=108.0.5359.125)\nStacktrace:\nBacktrace:\n\t(No symbol) [0x0058F243]\n\t(No symbol) [0x00517FD1]\n\t(No symbol) [0x0040D04D]\n\t(No symbol) [0x004428B9]\n\t(No symbol) [0x004408CC]\n\t(No symbol) [0x0043E4CB]\n\t(No symbol) [0x0043D164]\n\t(No symbol) [0x004332A6]\n\t(No symbol) [0x0045858C]\n\t(No symbol) [0x00432BFF]\n\t(No symbol) [0x00458804]\n\t(No symbol) [0x0046C9EB]\n\t(No symbol) [0x00458386]\n\t(No symbol) [0x0043163C]\n\t(No symbol) [0x0043269D]\n\tGetHandleVerifier [0x00829A22+2655074]\n\tGetHandleVerifier [0x0081CA24+2601828]\n\tGetHandleVerifier [0x00638C0A+619850]\n\tGetHandleVerifier [0x00637830+614768]\n\t(No symbol) [0x005205FC]\n\t(No symbol) [0x00525968]\n\t(No symbol) [0x00525A55]\n\t(No symbol) [0x0053051B]\n\tBaseThreadInitThunk [0x75C400F9+25]\n\tRtlGetAppContainerNamedObjectPath [0x77CE7BBE+286]\n\tRtlGetAppContainerNamedObjectPath [0x77CE7B8E+238]\n\n"}, "6": {"description": "ZA --- Failed to save code replacement of SAWUTILO with ZA-00-230362", "origin": "Traceback (most recent call last):\n  File \"D:\\Documents\\ENKO EDUCATION\\IT\\CODE\\eduka_code_manager\\family.py\", line 233, in replace_family_codes\n    driver2.find_element(By.XPATH,'//*[@id=\"UserCodeBox\"]').click()\n  File \"D:\\Documents\\ENKO EDUCATION\\IT\\CODE\\eduka_code_manager\\.venv\\lib\\site-packages\\selenium\\webdriver\\remote\\webelement.py\", line 93, in click\n    self._execute(Command.CLICK_ELEMENT)\n  File \"D:\\Documents\\ENKO EDUCATION\\IT\\CODE\\eduka_code_manager\\.venv\\lib\\site-packages\\selenium\\webdriver\\remote\\webelement.py\", line 410, in _execute\n    return self._parent.execute(command, params)\n  File \"D:\\Documents\\ENKO EDUCATION\\IT\\CODE\\eduka_code_manager\\.venv\\lib\\site-packages\\selenium\\webdriver\\remote\\webdriver.py\", line 444, in execute\n    self.error_handler.check_response(response)\n  File \"D:\\Documents\\ENKO EDUCATION\\IT\\CODE\\eduka_code_manager\\.venv\\lib\\site-packages\\selenium\\webdriver\\remote\\errorhandler.py\", line 249, in check_response\n    raise exception_class(message, screen, stacktrace)\nselenium.common.exceptions.ElementClickInterceptedException: Message: element click intercepted: Element <textarea class=\"ImportBox\" id=\"UserCodeBox\" style=\"height: 160px;\"></textarea> is not clickable at point (677, 451). Other element would receive the click: <div class=\"ui-dialog-buttonset\">...</div>\n  (Session info: headless chrome=108.0.5359.125)\nStacktrace:\nBacktrace:\n\t(No symbol) [0x0058F243]\n\t(No symbol) [0x00517FD1]\n\t(No symbol) [0x0040D04D]\n\t(No symbol) [0x004428B9]\n\t(No symbol) [0x004408CC]\n\t(No symbol) [0x0043E4CB]\n\t(No symbol) [0x0043D164]\n\t(No symbol) [0x004332A6]\n\t(No symbol) [0x0045858C]\n\t(No symbol) [0x00432BFF]\n\t(No symbol) [0x00458804]\n\t(No symbol) [0x0046C9EB]\n\t(No symbol) [0x00458386]\n\t(No symbol) [0x0043163C]\n\t(No symbol) [0x0043269D]\n\tGetHandleVerifier [0x00829A22+2655074]\n\tGetHandleVerifier [0x0081CA24+2601828]\n\tGetHandleVerifier [0x00638C0A+619850]\n\tGetHandleVerifier [0x00637830+614768]\n\t(No symbol) [0x005205FC]\n\t(No symbol) [0x00525968]\n\t(No symbol) [0x00525A55]\n\t(No symbol) [0x0053051B]\n\tBaseThreadInitThunk [0x75C400F9+25]\n\tRtlGetAppContainerNamedObjectPath [0x77CE7BBE+286]\n\tRtlGetAppContainerNamedObjectPath [0x77CE7B8E+238]\n\n"}, "7": {"description": "ZA --- Failed to save code replacement of MOKOENASB with ZA-00-230362", "origin": "Traceback (most recent call last):\n  File \"D:\\Documents\\ENKO EDUCATION\\IT\\CODE\\eduka_code_manager\\family.py\", line 233, in replace_family_codes\n    driver2.find_element(By.XPATH,'//*[@id=\"UserCodeBox\"]').click()\n  File \"D:\\Documents\\ENKO EDUCATION\\IT\\CODE\\eduka_code_manager\\.venv\\lib\\site-packages\\selenium\\webdriver\\remote\\webelement.py\", line 93, in click\n    self._execute(Command.CLICK_ELEMENT)\n  File \"D:\\Documents\\ENKO EDUCATION\\IT\\CODE\\eduka_code_manager\\.venv\\lib\\site-packages\\selenium\\webdriver\\remote\\webelement.py\", line 410, in _execute\n    return self._parent.execute(command, params)\n  File \"D:\\Documents\\ENKO EDUCATION\\IT\\CODE\\eduka_code_manager\\.venv\\lib\\site-packages\\selenium\\webdriver\\remote\\webdriver.py\", line 444, in execute\n    self.error_handler.check_response(response)\n  File \"D:\\Documents\\ENKO EDUCATION\\IT\\CODE\\eduka_code_manager\\.venv\\lib\\site-packages\\selenium\\webdriver\\remote\\errorhandler.py\", line 249, in check_response\n    raise exception_class(message, screen, stacktrace)\nselenium.common.exceptions.ElementClickInterceptedException: Message: element click intercepted: Element <textarea class=\"ImportBox\" id=\"UserCodeBox\" style=\"height: 160px;\"></textarea> is not clickable at point (677, 451). Other element would receive the click: <div class=\"ui-dialog-buttonset\">...</div>\n  (Session info: headless chrome=108.0.5359.125)\nStacktrace:\nBacktrace:\n\t(No symbol) [0x0058F243]\n\t(No symbol) [0x00517FD1]\n\t(No symbol) [0x0040D04D]\n\t(No symbol) [0x004428B9]\n\t(No symbol) [0x004408CC]\n\t(No symbol) [0x0043E4CB]\n\t(No symbol) [0x0043D164]\n\t(No symbol) [0x004332A6]\n\t(No symbol) [0x0045858C]\n\t(No symbol) [0x00432BFF]\n\t(No symbol) [0x00458804]\n\t(No symbol) [0x0046C9EB]\n\t(No symbol) [0x00458386]\n\t(No symbol) [0x0043163C]\n\t(No symbol) [0x0043269D]\n\tGetHandleVerifier [0x00829A22+2655074]\n\tGetHandleVerifier [0x0081CA24+2601828]\n\tGetHandleVerifier [0x00638C0A+619850]\n\tGetHandleVerifier [0x00637830+614768]\n\t(No symbol) [0x005205FC]\n\t(No symbol) [0x00525968]\n\t(No symbol) [0x00525A55]\n\t(No symbol) [0x0053051B]\n\tBaseThreadInitThunk [0x75C400F9+25]\n\tRtlGetAppContainerNamedObjectPath [0x77CE7BBE+286]\n\tRtlGetAppContainerNamedObjectPath [0x77CE7B8E+238]\n\n"}, "8": {"description": "ZA --- Failed to save code replacement of TSHABALAMU with ZA-00-230362", "origin": "Traceback (most recent call last):\n  File \"D:\\Documents\\ENKO EDUCATION\\IT\\CODE\\eduka_code_manager\\family.py\", line 233, in replace_family_codes\n    driver2.find_element(By.XPATH,'//*[@id=\"UserCodeBox\"]').click()\n  File \"D:\\Documents\\ENKO EDUCATION\\IT\\CODE\\eduka_code_manager\\.venv\\lib\\site-packages\\selenium\\webdriver\\remote\\webelement.py\", line 93, in click\n    self._execute(Command.CLICK_ELEMENT)\n  File \"D:\\Documents\\ENKO EDUCATION\\IT\\CODE\\eduka_code_manager\\.venv\\lib\\site-packages\\selenium\\webdriver\\remote\\webelement.py\", line 410, in _execute\n    return self._parent.execute(command, params)\n  File \"D:\\Documents\\ENKO EDUCATION\\IT\\CODE\\eduka_code_manager\\.venv\\lib\\site-packages\\selenium\\webdriver\\remote\\webdriver.py\", line 444, in execute\n    self.error_handler.check_response(response)\n  File \"D:\\Documents\\ENKO EDUCATION\\IT\\CODE\\eduka_code_manager\\.venv\\lib\\site-packages\\selenium\\webdriver\\remote\\errorhandler.py\", line 249, in check_response\n    raise exception_class(message, screen, stacktrace)\nselenium.common.exceptions.ElementClickInterceptedException: Message: element click intercepted: Element <textarea class=\"ImportBox\" id=\"UserCodeBox\" style=\"height: 160px;\"></textarea> is not clickable at point (677, 451). Other element would receive the click: <div class=\"ui-dialog-buttonset\">...</div>\n  (Session info: headless chrome=108.0.5359.125)\nStacktrace:\nBacktrace:\n\t(No symbol) [0x0058F243]\n\t(No symbol) [0x00517FD1]\n\t(No symbol) [0x0040D04D]\n\t(No symbol) [0x004428B9]\n\t(No symbol) [0x004408CC]\n\t(No symbol) [0x0043E4CB]\n\t(No symbol) [0x0043D164]\n\t(No symbol) [0x004332A6]\n\t(No symbol) [0x0045858C]\n\t(No symbol) [0x00432BFF]\n\t(No symbol) [0x00458804]\n\t(No symbol) [0x0046C9EB]\n\t(No symbol) [0x00458386]\n\t(No symbol) [0x0043163C]\n\t(No symbol) [0x0043269D]\n\tGetHandleVerifier [0x00829A22+2655074]\n\tGetHandleVerifier [0x0081CA24+2601828]\n\tGetHandleVerifier [0x00638C0A+619850]\n\tGetHandleVerifier [0x00637830+614768]\n\t(No symbol) [0x005205FC]\n\t(No symbol) [0x00525968]\n\t(No symbol) [0x00525A55]\n\t(No symbol) [0x0053051B]\n\tBaseThreadInitThunk [0x75C400F9+25]\n\tRtlGetAppContainerNamedObjectPath [0x77CE7BBE+286]\n\tRtlGetAppContainerNamedObjectPath [0x77CE7B8E+238]\n\n"}, "9": {"description": "ZA --- Failed to save code replacement of MONKGERE with ZA-00-230362", "origin": "Traceback (most recent call last):\n  File \"D:\\Documents\\ENKO EDUCATION\\IT\\CODE\\eduka_code_manager\\family.py\", line 233, in replace_family_codes\n    driver2.find_element(By.XPATH,'//*[@id=\"UserCodeBox\"]').click()\n  File \"D:\\Documents\\ENKO EDUCATION\\IT\\CODE\\eduka_code_manager\\.venv\\lib\\site-packages\\selenium\\webdriver\\remote\\webelement.py\", line 93, in click\n    self._execute(Command.CLICK_ELEMENT)\n  File \"D:\\Documents\\ENKO EDUCATION\\IT\\CODE\\eduka_code_manager\\.venv\\lib\\site-packages\\selenium\\webdriver\\remote\\webelement.py\", line 410, in _execute\n    return self._parent.execute(command, params)\n  File \"D:\\Documents\\ENKO EDUCATION\\IT\\CODE\\eduka_code_manager\\.venv\\lib\\site-packages\\selenium\\webdriver\\remote\\webdriver.py\", line 444, in execute\n    self.error_handler.check_response(response)\n  File \"D:\\Documents\\ENKO EDUCATION\\IT\\CODE\\eduka_code_manager\\.venv\\lib\\site-packages\\selenium\\webdriver\\remote\\errorhandler.py\", line 249, in check_response\n    raise exception_class(message, screen, stacktrace)\nselenium.common.exceptions.ElementClickInterceptedException: Message: element click intercepted: Element <textarea class=\"ImportBox\" id=\"UserCodeBox\" style=\"height: 160px;\"></textarea> is not clickable at point (677, 451). Other element would receive the click: <div class=\"ui-dialog-buttonset\">...</div>\n  (Session info: headless chrome=108.0.5359.125)\nStacktrace:\nBacktrace:\n\t(No symbol) [0x0058F243]\n\t(No symbol) [0x00517FD1]\n\t(No symbol) [0x0040D04D]\n\t(No symbol) [0x004428B9]\n\t(No symbol) [0x004408CC]\n\t(No symbol) [0x0043E4CB]\n\t(No symbol) [0x0043D164]\n\t(No symbol) [0x004332A6]\n\t(No symbol) [0x0045858C]\n\t(No symbol) [0x00432BFF]\n\t(No symbol) [0x00458804]\n\t(No symbol) [0x0046C9EB]\n\t(No symbol) [0x00458386]\n\t(No symbol) [0x0043163C]\n\t(No symbol) [0x0043269D]\n\tGetHandleVerifier [0x00829A22+2655074]\n\tGetHandleVerifier [0x0081CA24+2601828]\n\tGetHandleVerifier [0x00638C0A+619850]\n\tGetHandleVerifier [0x00637830+614768]\n\t(No symbol) [0x005205FC]\n\t(No symbol) [0x00525968]\n\t(No symbol) [0x00525A55]\n\t(No symbol) [0x0053051B]\n\tBaseThreadInitThunk [0x75C400F9+25]\n\tRtlGetAppContainerNamedObjectPath [0x77CE7BBE+286]\n\tRtlGetAppContainerNamedObjectPath [0x77CE7B8E+238]\n\n"}, "10": {"description": "ZA --- Failed to save code replacement of MOODLEYRO with ZA-00-230362", "origin": "Traceback (most recent call last):\n  File \"D:\\Documents\\ENKO EDUCATION\\IT\\CODE\\eduka_code_manager\\family.py\", line 233, in replace_family_codes\n    driver2.find_element(By.XPATH,'//*[@id=\"UserCodeBox\"]').click()\n  File \"D:\\Documents\\ENKO EDUCATION\\IT\\CODE\\eduka_code_manager\\.venv\\lib\\site-packages\\selenium\\webdriver\\remote\\webelement.py\", line 93, in click\n    self._execute(Command.CLICK_ELEMENT)\n  File \"D:\\Documents\\ENKO EDUCATION\\IT\\CODE\\eduka_code_manager\\.venv\\lib\\site-packages\\selenium\\webdriver\\remote\\webelement.py\", line 410, in _execute\n    return self._parent.execute(command, params)\n  File \"D:\\Documents\\ENKO EDUCATION\\IT\\CODE\\eduka_code_manager\\.venv\\lib\\site-packages\\selenium\\webdriver\\remote\\webdriver.py\", line 444, in execute\n    self.error_handler.check_response(response)\n  File \"D:\\Documents\\ENKO EDUCATION\\IT\\CODE\\eduka_code_manager\\.venv\\lib\\site-packages\\selenium\\webdriver\\remote\\errorhandler.py\", line 249, in check_response\n    raise exception_class(message, screen, stacktrace)\nselenium.common.exceptions.ElementClickInterceptedException: Message: element click intercepted: Element <textarea class=\"ImportBox\" id=\"UserCodeBox\" style=\"height: 160px;\"></textarea> is not clickable at point (677, 451). Other element would receive the click: <div class=\"ui-dialog-buttonset\">...</div>\n  (Session info: headless chrome=108.0.5359.125)\nStacktrace:\nBacktrace:\n\t(No symbol) [0x0058F243]\n\t(No symbol) [0x00517FD1]\n\t(No symbol) [0x0040D04D]\n\t(No symbol) [0x004428B9]\n\t(No symbol) [0x004408CC]\n\t(No symbol) [0x0043E4CB]\n\t(No symbol) [0x0043D164]\n\t(No symbol) [0x004332A6]\n\t(No symbol) [0x0045858C]\n\t(No symbol) [0x00432BFF]\n\t(No symbol) [0x00458804]\n\t(No symbol) [0x0046C9EB]\n\t(No symbol) [0x00458386]\n\t(No symbol) [0x0043163C]\n\t(No symbol) [0x0043269D]\n\tGetHandleVerifier [0x00829A22+2655074]\n\tGetHandleVerifier [0x0081CA24+2601828]\n\tGetHandleVerifier [0x00638C0A+619850]\n\tGetHandleVerifier [0x00637830+614768]\n\t(No symbol) [0x005205FC]\n\t(No symbol) [0x00525968]\n\t(No symbol) [0x00525A55]\n\t(No symbol) [0x0053051B]\n\tBaseThreadInitThunk [0x75C400F9+25]\n\tRtlGetAppContainerNamedObjectPath [0x77CE7BBE+286]\n\tRtlGetAppContainerNamedObjectPath [0x77CE7B8E+238]\n\n"}, "11": {"description": "ZA --- Failed to save code replacement of MOTLALENMO with ZA-00-230362", "origin": "Traceback (most recent call last):\n  File \"D:\\Documents\\ENKO EDUCATION\\IT\\CODE\\eduka_code_manager\\family.py\", line 233, in replace_family_codes\n    driver2.find_element(By.XPATH,'//*[@id=\"UserCodeBox\"]').click()\n  File \"D:\\Documents\\ENKO EDUCATION\\IT\\CODE\\eduka_code_manager\\.venv\\lib\\site-packages\\selenium\\webdriver\\remote\\webelement.py\", line 93, in click\n    self._execute(Command.CLICK_ELEMENT)\n  File \"D:\\Documents\\ENKO EDUCATION\\IT\\CODE\\eduka_code_manager\\.venv\\lib\\site-packages\\selenium\\webdriver\\remote\\webelement.py\", line 410, in _execute\n    return self._parent.execute(command, params)\n  File \"D:\\Documents\\ENKO EDUCATION\\IT\\CODE\\eduka_code_manager\\.venv\\lib\\site-packages\\selenium\\webdriver\\remote\\webdriver.py\", line 444, in execute\n    self.error_handler.check_response(response)\n  File \"D:\\Documents\\ENKO EDUCATION\\IT\\CODE\\eduka_code_manager\\.venv\\lib\\site-packages\\selenium\\webdriver\\remote\\errorhandler.py\", line 249, in check_response\n    raise exception_class(message, screen, stacktrace)\nselenium.common.exceptions.ElementClickInterceptedException: Message: element click intercepted: Element <textarea class=\"ImportBox\" id=\"UserCodeBox\" style=\"height: 160px;\"></textarea> is not clickable at point (677, 451). Other element would receive the click: <div class=\"ui-dialog-buttonset\">...</div>\n  (Session info: headless chrome=108.0.5359.125)\nStacktrace:\nBacktrace:\n\t(No symbol) [0x0058F243]\n\t(No symbol) [0x00517FD1]\n\t(No symbol) [0x0040D04D]\n\t(No symbol) [0x004428B9]\n\t(No symbol) [0x004408CC]\n\t(No symbol) [0x0043E4CB]\n\t(No symbol) [0x0043D164]\n\t(No symbol) [0x004332A6]\n\t(No symbol) [0x0045858C]\n\t(No symbol) [0x00432BFF]\n\t(No symbol) [0x00458804]\n\t(No symbol) [0x0046C9EB]\n\t(No symbol) [0x00458386]\n\t(No symbol) [0x0043163C]\n\t(No symbol) [0x0043269D]\n\tGetHandleVerifier [0x00829A22+2655074]\n\tGetHandleVerifier [0x0081CA24+2601828]\n\tGetHandleVerifier [0x00638C0A+619850]\n\tGetHandleVerifier [0x00637830+614768]\n\t(No symbol) [0x005205FC]\n\t(No symbol) [0x00525968]\n\t(No symbol) [0x00525A55]\n\t(No symbol) [0x0053051B]\n\tBaseThreadInitThunk [0x75C400F9+25]\n\tRtlGetAppContainerNamedObjectPath [0x77CE7BBE+286]\n\tRtlGetAppContainerNamedObjectPath [0x77CE7B8E+238]\n\n"}, "12": {"description": "ZA --- Failed to save code replacement of MOTSAMAION with ZA-00-230362", "origin": "Traceback (most recent call last):\n  File \"D:\\Documents\\ENKO EDUCATION\\IT\\CODE\\eduka_code_manager\\family.py\", line 233, in replace_family_codes\n    driver2.find_element(By.XPATH,'//*[@id=\"UserCodeBox\"]').click()\n  File \"D:\\Documents\\ENKO EDUCATION\\IT\\CODE\\eduka_code_manager\\.venv\\lib\\site-packages\\selenium\\webdriver\\remote\\webelement.py\", line 93, in click\n    self._execute(Command.CLICK_ELEMENT)\n  File \"D:\\Documents\\ENKO EDUCATION\\IT\\CODE\\eduka_code_manager\\.venv\\lib\\site-packages\\selenium\\webdriver\\remote\\webelement.py\", line 410, in _execute\n    return self._parent.execute(command, params)\n  File \"D:\\Documents\\ENKO EDUCATION\\IT\\CODE\\eduka_code_manager\\.venv\\lib\\site-packages\\selenium\\webdriver\\remote\\webdriver.py\", line 444, in execute\n    self.error_handler.check_response(response)\n  File \"D:\\Documents\\ENKO EDUCATION\\IT\\CODE\\eduka_code_manager\\.venv\\lib\\site-packages\\selenium\\webdriver\\remote\\errorhandler.py\", line 249, in check_response\n    raise exception_class(message, screen, stacktrace)\nselenium.common.exceptions.ElementClickInterceptedException: Message: element click intercepted: Element <textarea class=\"ImportBox\" id=\"UserCodeBox\" style=\"height: 160px;\"></textarea> is not clickable at point (677, 451). Other element would receive the click: <div class=\"ui-dialog-buttonset\">...</div>\n  (Session info: headless chrome=108.0.5359.125)\nStacktrace:\nBacktrace:\n\t(No symbol) [0x0058F243]\n\t(No symbol) [0x00517FD1]\n\t(No symbol) [0x0040D04D]\n\t(No symbol) [0x004428B9]\n\t(No symbol) [0x004408CC]\n\t(No symbol) [0x0043E4CB]\n\t(No symbol) [0x0043D164]\n\t(No symbol) [0x004332A6]\n\t(No symbol) [0x0045858C]\n\t(No symbol) [0x00432BFF]\n\t(No symbol) [0x00458804]\n\t(No symbol) [0x0046C9EB]\n\t(No symbol) [0x00458386]\n\t(No symbol) [0x0043163C]\n\t(No symbol) [0x0043269D]\n\tGetHandleVerifier [0x00829A22+2655074]\n\tGetHandleVerifier [0x0081CA24+2601828]\n\tGetHandleVerifier [0x00638C0A+619850]\n\tGetHandleVerifier [0x00637830+614768]\n\t(No symbol) [0x005205FC]\n\t(No symbol) [0x00525968]\n\t(No symbol) [0x00525A55]\n\t(No symbol) [0x0053051B]\n\tBaseThreadInitThunk [0x75C400F9+25]\n\tRtlGetAppContainerNamedObjectPath [0x77CE7BBE+286]\n\tRtlGetAppContainerNamedObjectPath [0x77CE7B8E+238]\n\n"}}