{"0": {"description": "Enko South Africa - female students --- Failed to replace wrong code 12257S3173 by ZA-ST-2-23000216", "origin": "Traceback (most recent call last):\n  File \"D:\\Documents\\ENKO EDUCATION\\IT\\CODE\\eduka_code_manager\\student.py\", line 263, in replace_student_codes\n    element = WebDriverWait(driver2, wait).until(EC.element_to_be_clickable((By.XPATH, '/html/body/div[8]/div[11]/div/button[1]')))\n  File \"D:\\Documents\\ENKO EDUCATION\\IT\\CODE\\eduka_code_manager\\.venv\\lib\\site-packages\\selenium\\webdriver\\support\\wait.py\", line 86, in until\n    value = method(self._driver)\n  File \"D:\\Documents\\ENKO EDUCATION\\IT\\CODE\\eduka_code_manager\\.venv\\lib\\site-packages\\selenium\\webdriver\\support\\expected_conditions.py\", line 313, in _predicate\n    target = visibility_of(target)(driver)\n  File \"D:\\Documents\\ENKO EDUCATION\\IT\\CODE\\eduka_code_manager\\.venv\\lib\\site-packages\\selenium\\webdriver\\support\\expected_conditions.py\", line 141, in _predicate\n    return _element_if_visible(element)\n  File \"D:\\Documents\\ENKO EDUCATION\\IT\\CODE\\eduka_code_manager\\.venv\\lib\\site-packages\\selenium\\webdriver\\support\\expected_conditions.py\", line 147, in _element_if_visible\n    return element if element.is_displayed() == visibility else False\n  File \"D:\\Documents\\ENKO EDUCATION\\IT\\CODE\\eduka_code_manager\\.venv\\lib\\site-packages\\selenium\\webdriver\\remote\\webelement.py\", line 264, in is_displayed\n    return self.parent.execute_script(\"return (%s).apply(null, arguments);\" % isDisplayed_js, self)\n  File \"D:\\Documents\\ENKO EDUCATION\\IT\\CODE\\eduka_code_manager\\.venv\\lib\\site-packages\\selenium\\webdriver\\remote\\webdriver.py\", line 506, in execute_script\n    return self.execute(command, {\"script\": script, \"args\": converted_args})[\"value\"]\n  File \"D:\\Documents\\ENKO EDUCATION\\IT\\CODE\\eduka_code_manager\\.venv\\lib\\site-packages\\selenium\\webdriver\\remote\\webdriver.py\", line 444, in execute\n    self.error_handler.check_response(response)\n  File \"D:\\Documents\\ENKO EDUCATION\\IT\\CODE\\eduka_code_manager\\.venv\\lib\\site-packages\\selenium\\webdriver\\remote\\errorhandler.py\", line 249, in check_response\n    raise exception_class(message, screen, stacktrace)\nselenium.common.exceptions.StaleElementReferenceException: Message: stale element reference: element is not attached to the page document\n  (Session info: chrome=108.0.5359.125)\nStacktrace:\nBacktrace:\n\t(No symbol) [0x00FAF243]\n\t(No symbol) [0x00F37FD1]\n\t(No symbol) [0x00E2D04D]\n\t(No symbol) [0x00E2FD34]\n\t(No symbol) [0x00E2FBE5]\n\t(No symbol) [0x00E30565]\n\t(No symbol) [0x00E8D47C]\n\t(No symbol) [0x00E7858C]\n\t(No symbol) [0x00E8C9EB]\n\t(No symbol) [0x00E78386]\n\t(No symbol) [0x00E5163C]\n\t(No symbol) [0x00E5269D]\n\tGetHandleVerifier [0x01249A22+2655074]\n\tGetHandleVerifier [0x0123CA24+2601828]\n\tGetHandleVerifier [0x01058C0A+619850]\n\tGetHandleVerifier [0x01057830+614768]\n\t(No symbol) [0x00F405FC]\n\t(No symbol) [0x00F45968]\n\t(No symbol) [0x00F45A55]\n\t(No symbol) [0x00F5051B]\n\tBaseThreadInitThunk [0x75C400F9+25]\n\tRtlGetAppContainerNamedObjectPath [0x77CE7BBE+286]\n\tRtlGetAppContainerNamedObjectPath [0x77CE7B8E+238]\n\n"}, "1": {"description": "Enko South Africa - female students --- Failed to replace wrong code 12270S3118 by ZA-ST-2-23000216", "origin": "Traceback (most recent call last):\n  File \"D:\\Documents\\ENKO EDUCATION\\IT\\CODE\\eduka_code_manager\\student.py\", line 252, in replace_student_codes\n    driver2.find_element(By.XPATH,  '//*[@id=\"PersonCodeBox\"]').click()\n  File \"D:\\Documents\\ENKO EDUCATION\\IT\\CODE\\eduka_code_manager\\.venv\\lib\\site-packages\\selenium\\webdriver\\remote\\webelement.py\", line 93, in click\n    self._execute(Command.CLICK_ELEMENT)\n  File \"D:\\Documents\\ENKO EDUCATION\\IT\\CODE\\eduka_code_manager\\.venv\\lib\\site-packages\\selenium\\webdriver\\remote\\webelement.py\", line 410, in _execute\n    return self._parent.execute(command, params)\n  File \"D:\\Documents\\ENKO EDUCATION\\IT\\CODE\\eduka_code_manager\\.venv\\lib\\site-packages\\selenium\\webdriver\\remote\\webdriver.py\", line 444, in execute\n    self.error_handler.check_response(response)\n  File \"D:\\Documents\\ENKO EDUCATION\\IT\\CODE\\eduka_code_manager\\.venv\\lib\\site-packages\\selenium\\webdriver\\remote\\errorhandler.py\", line 249, in check_response\n    raise exception_class(message, screen, stacktrace)\nselenium.common.exceptions.ElementClickInterceptedException: Message: element click intercepted: Element <textarea class=\"ImportBox\" id=\"PersonCodeBox\" style=\"height: 160px;\"></textarea> is not clickable at point (378, 371). Other element would receive the click: <div class=\"dataTables_info\" id=\"CodeTable_info\">...</div>\n  (Session info: chrome=108.0.5359.125)\nStacktrace:\nBacktrace:\n\t(No symbol) [0x00FAF243]\n\t(No symbol) [0x00F37FD1]\n\t(No symbol) [0x00E2D04D]\n\t(No symbol) [0x00E628B9]\n\t(No symbol) [0x00E608CC]\n\t(No symbol) [0x00E5E4CB]\n\t(No symbol) [0x00E5D164]\n\t(No symbol) [0x00E532A6]\n\t(No symbol) [0x00E7858C]\n\t(No symbol) [0x00E52BFF]\n\t(No symbol) [0x00E78804]\n\t(No symbol) [0x00E8C9EB]\n\t(No symbol) [0x00E78386]\n\t(No symbol) [0x00E5163C]\n\t(No symbol) [0x00E5269D]\n\tGetHandleVerifier [0x01249A22+2655074]\n\tGetHandleVerifier [0x0123CA24+2601828]\n\tGetHandleVerifier [0x01058C0A+619850]\n\tGetHandleVerifier [0x01057830+614768]\n\t(No symbol) [0x00F405FC]\n\t(No symbol) [0x00F45968]\n\t(No symbol) [0x00F45A55]\n\t(No symbol) [0x00F5051B]\n\tBaseThreadInitThunk [0x75C400F9+25]\n\tRtlGetAppContainerNamedObjectPath [0x77CE7BBE+286]\n\tRtlGetAppContainerNamedObjectPath [0x77CE7B8E+238]\n\n"}, "2": {"description": "Enko South Africa - female students --- Failed to replace wrong code 12221S3015 by ZA-ST-2-23000216", "origin": "Traceback (most recent call last):\n  File \"D:\\Documents\\ENKO EDUCATION\\IT\\CODE\\eduka_code_manager\\student.py\", line 252, in replace_student_codes\n    driver2.find_element(By.XPATH,  '//*[@id=\"PersonCodeBox\"]').click()\n  File \"D:\\Documents\\ENKO EDUCATION\\IT\\CODE\\eduka_code_manager\\.venv\\lib\\site-packages\\selenium\\webdriver\\remote\\webelement.py\", line 93, in click\n    self._execute(Command.CLICK_ELEMENT)\n  File \"D:\\Documents\\ENKO EDUCATION\\IT\\CODE\\eduka_code_manager\\.venv\\lib\\site-packages\\selenium\\webdriver\\remote\\webelement.py\", line 410, in _execute\n    return self._parent.execute(command, params)\n  File \"D:\\Documents\\ENKO EDUCATION\\IT\\CODE\\eduka_code_manager\\.venv\\lib\\site-packages\\selenium\\webdriver\\remote\\webdriver.py\", line 444, in execute\n    self.error_handler.check_response(response)\n  File \"D:\\Documents\\ENKO EDUCATION\\IT\\CODE\\eduka_code_manager\\.venv\\lib\\site-packages\\selenium\\webdriver\\remote\\errorhandler.py\", line 249, in check_response\n    raise exception_class(message, screen, stacktrace)\nselenium.common.exceptions.ElementClickInterceptedException: Message: element click intercepted: Element <textarea class=\"ImportBox\" id=\"PersonCodeBox\" style=\"height: 160px;\"></textarea> is not clickable at point (378, 371). Other element would receive the click: <div class=\"dataTables_info\" id=\"CodeTable_info\">...</div>\n  (Session info: chrome=108.0.5359.125)\nStacktrace:\nBacktrace:\n\t(No symbol) [0x00FAF243]\n\t(No symbol) [0x00F37FD1]\n\t(No symbol) [0x00E2D04D]\n\t(No symbol) [0x00E628B9]\n\t(No symbol) [0x00E608CC]\n\t(No symbol) [0x00E5E4CB]\n\t(No symbol) [0x00E5D164]\n\t(No symbol) [0x00E532A6]\n\t(No symbol) [0x00E7858C]\n\t(No symbol) [0x00E52BFF]\n\t(No symbol) [0x00E78804]\n\t(No symbol) [0x00E8C9EB]\n\t(No symbol) [0x00E78386]\n\t(No symbol) [0x00E5163C]\n\t(No symbol) [0x00E5269D]\n\tGetHandleVerifier [0x01249A22+2655074]\n\tGetHandleVerifier [0x0123CA24+2601828]\n\tGetHandleVerifier [0x01058C0A+619850]\n\tGetHandleVerifier [0x01057830+614768]\n\t(No symbol) [0x00F405FC]\n\t(No symbol) [0x00F45968]\n\t(No symbol) [0x00F45A55]\n\t(No symbol) [0x00F5051B]\n\tBaseThreadInitThunk [0x75C400F9+25]\n\tRtlGetAppContainerNamedObjectPath [0x77CE7BBE+286]\n\tRtlGetAppContainerNamedObjectPath [0x77CE7B8E+238]\n\n"}, "3": {"description": "Enko South Africa - female students --- Failed to replace wrong code 12221S3016 by ZA-ST-2-23000216", "origin": "Traceback (most recent call last):\n  File \"D:\\Documents\\ENKO EDUCATION\\IT\\CODE\\eduka_code_manager\\student.py\", line 252, in replace_student_codes\n    driver2.find_element(By.XPATH,  '//*[@id=\"PersonCodeBox\"]').click()\n  File \"D:\\Documents\\ENKO EDUCATION\\IT\\CODE\\eduka_code_manager\\.venv\\lib\\site-packages\\selenium\\webdriver\\remote\\webelement.py\", line 93, in click\n    self._execute(Command.CLICK_ELEMENT)\n  File \"D:\\Documents\\ENKO EDUCATION\\IT\\CODE\\eduka_code_manager\\.venv\\lib\\site-packages\\selenium\\webdriver\\remote\\webelement.py\", line 410, in _execute\n    return self._parent.execute(command, params)\n  File \"D:\\Documents\\ENKO EDUCATION\\IT\\CODE\\eduka_code_manager\\.venv\\lib\\site-packages\\selenium\\webdriver\\remote\\webdriver.py\", line 444, in execute\n    self.error_handler.check_response(response)\n  File \"D:\\Documents\\ENKO EDUCATION\\IT\\CODE\\eduka_code_manager\\.venv\\lib\\site-packages\\selenium\\webdriver\\remote\\errorhandler.py\", line 249, in check_response\n    raise exception_class(message, screen, stacktrace)\nselenium.common.exceptions.ElementClickInterceptedException: Message: element click intercepted: Element <textarea class=\"ImportBox\" id=\"PersonCodeBox\" style=\"height: 160px;\"></textarea> is not clickable at point (378, 371). Other element would receive the click: <div class=\"dataTables_info\" id=\"CodeTable_info\">...</div>\n  (Session info: chrome=108.0.5359.125)\nStacktrace:\nBacktrace:\n\t(No symbol) [0x00FAF243]\n\t(No symbol) [0x00F37FD1]\n\t(No symbol) [0x00E2D04D]\n\t(No symbol) [0x00E628B9]\n\t(No symbol) [0x00E608CC]\n\t(No symbol) [0x00E5E4CB]\n\t(No symbol) [0x00E5D164]\n\t(No symbol) [0x00E532A6]\n\t(No symbol) [0x00E7858C]\n\t(No symbol) [0x00E52BFF]\n\t(No symbol) [0x00E78804]\n\t(No symbol) [0x00E8C9EB]\n\t(No symbol) [0x00E78386]\n\t(No symbol) [0x00E5163C]\n\t(No symbol) [0x00E5269D]\n\tGetHandleVerifier [0x01249A22+2655074]\n\tGetHandleVerifier [0x0123CA24+2601828]\n\tGetHandleVerifier [0x01058C0A+619850]\n\tGetHandleVerifier [0x01057830+614768]\n\t(No symbol) [0x00F405FC]\n\t(No symbol) [0x00F45968]\n\t(No symbol) [0x00F45A55]\n\t(No symbol) [0x00F5051B]\n\tBaseThreadInitThunk [0x75C400F9+25]\n\tRtlGetAppContainerNamedObjectPath [0x77CE7BBE+286]\n\tRtlGetAppContainerNamedObjectPath [0x77CE7B8E+238]\n\n"}, "4": {"description": "Enko South Africa - female students --- Failed to replace wrong code 11263S1956 by ZA-ST-2-23000216", "origin": "Traceback (most recent call last):\n  File \"D:\\Documents\\ENKO EDUCATION\\IT\\CODE\\eduka_code_manager\\student.py\", line 252, in replace_student_codes\n    driver2.find_element(By.XPATH,  '//*[@id=\"PersonCodeBox\"]').click()\n  File \"D:\\Documents\\ENKO EDUCATION\\IT\\CODE\\eduka_code_manager\\.venv\\lib\\site-packages\\selenium\\webdriver\\remote\\webelement.py\", line 93, in click\n    self._execute(Command.CLICK_ELEMENT)\n  File \"D:\\Documents\\ENKO EDUCATION\\IT\\CODE\\eduka_code_manager\\.venv\\lib\\site-packages\\selenium\\webdriver\\remote\\webelement.py\", line 410, in _execute\n    return self._parent.execute(command, params)\n  File \"D:\\Documents\\ENKO EDUCATION\\IT\\CODE\\eduka_code_manager\\.venv\\lib\\site-packages\\selenium\\webdriver\\remote\\webdriver.py\", line 444, in execute\n    self.error_handler.check_response(response)\n  File \"D:\\Documents\\ENKO EDUCATION\\IT\\CODE\\eduka_code_manager\\.venv\\lib\\site-packages\\selenium\\webdriver\\remote\\errorhandler.py\", line 249, in check_response\n    raise exception_class(message, screen, stacktrace)\nselenium.common.exceptions.ElementClickInterceptedException: Message: element click intercepted: Element <textarea class=\"ImportBox\" id=\"PersonCodeBox\" style=\"height: 160px;\"></textarea> is not clickable at point (378, 371). Other element would receive the click: <div class=\"dataTables_info\" id=\"CodeTable_info\">...</div>\n  (Session info: chrome=108.0.5359.125)\nStacktrace:\nBacktrace:\n\t(No symbol) [0x00FAF243]\n\t(No symbol) [0x00F37FD1]\n\t(No symbol) [0x00E2D04D]\n\t(No symbol) [0x00E628B9]\n\t(No symbol) [0x00E608CC]\n\t(No symbol) [0x00E5E4CB]\n\t(No symbol) [0x00E5D164]\n\t(No symbol) [0x00E532A6]\n\t(No symbol) [0x00E7858C]\n\t(No symbol) [0x00E52BFF]\n\t(No symbol) [0x00E78804]\n\t(No symbol) [0x00E8C9EB]\n\t(No symbol) [0x00E78386]\n\t(No symbol) [0x00E5163C]\n\t(No symbol) [0x00E5269D]\n\tGetHandleVerifier [0x01249A22+2655074]\n\tGetHandleVerifier [0x0123CA24+2601828]\n\tGetHandleVerifier [0x01058C0A+619850]\n\tGetHandleVerifier [0x01057830+614768]\n\t(No symbol) [0x00F405FC]\n\t(No symbol) [0x00F45968]\n\t(No symbol) [0x00F45A55]\n\t(No symbol) [0x00F5051B]\n\tBaseThreadInitThunk [0x75C400F9+25]\n\tRtlGetAppContainerNamedObjectPath [0x77CE7BBE+286]\n\tRtlGetAppContainerNamedObjectPath [0x77CE7B8E+238]\n\n"}, "5": {"description": "Enko South Africa - female students --- Failed to replace wrong code 12255S3083 by ZA-ST-2-23000216", "origin": "Traceback (most recent call last):\n  File \"D:\\Documents\\ENKO EDUCATION\\IT\\CODE\\eduka_code_manager\\student.py\", line 252, in replace_student_codes\n    driver2.find_element(By.XPATH,  '//*[@id=\"PersonCodeBox\"]').click()\n  File \"D:\\Documents\\ENKO EDUCATION\\IT\\CODE\\eduka_code_manager\\.venv\\lib\\site-packages\\selenium\\webdriver\\remote\\webelement.py\", line 93, in click\n    self._execute(Command.CLICK_ELEMENT)\n  File \"D:\\Documents\\ENKO EDUCATION\\IT\\CODE\\eduka_code_manager\\.venv\\lib\\site-packages\\selenium\\webdriver\\remote\\webelement.py\", line 410, in _execute\n    return self._parent.execute(command, params)\n  File \"D:\\Documents\\ENKO EDUCATION\\IT\\CODE\\eduka_code_manager\\.venv\\lib\\site-packages\\selenium\\webdriver\\remote\\webdriver.py\", line 444, in execute\n    self.error_handler.check_response(response)\n  File \"D:\\Documents\\ENKO EDUCATION\\IT\\CODE\\eduka_code_manager\\.venv\\lib\\site-packages\\selenium\\webdriver\\remote\\errorhandler.py\", line 249, in check_response\n    raise exception_class(message, screen, stacktrace)\nselenium.common.exceptions.ElementClickInterceptedException: Message: element click intercepted: Element <textarea class=\"ImportBox\" id=\"PersonCodeBox\" style=\"height: 160px;\"></textarea> is not clickable at point (378, 371). Other element would receive the click: <div class=\"dataTables_info\" id=\"CodeTable_info\">...</div>\n  (Session info: chrome=108.0.5359.125)\nStacktrace:\nBacktrace:\n\t(No symbol) [0x00FAF243]\n\t(No symbol) [0x00F37FD1]\n\t(No symbol) [0x00E2D04D]\n\t(No symbol) [0x00E628B9]\n\t(No symbol) [0x00E608CC]\n\t(No symbol) [0x00E5E4CB]\n\t(No symbol) [0x00E5D164]\n\t(No symbol) [0x00E532A6]\n\t(No symbol) [0x00E7858C]\n\t(No symbol) [0x00E52BFF]\n\t(No symbol) [0x00E78804]\n\t(No symbol) [0x00E8C9EB]\n\t(No symbol) [0x00E78386]\n\t(No symbol) [0x00E5163C]\n\t(No symbol) [0x00E5269D]\n\tGetHandleVerifier [0x01249A22+2655074]\n\tGetHandleVerifier [0x0123CA24+2601828]\n\tGetHandleVerifier [0x01058C0A+619850]\n\tGetHandleVerifier [0x01057830+614768]\n\t(No symbol) [0x00F405FC]\n\t(No symbol) [0x00F45968]\n\t(No symbol) [0x00F45A55]\n\t(No symbol) [0x00F5051B]\n\tBaseThreadInitThunk [0x75C400F9+25]\n\tRtlGetAppContainerNamedObjectPath [0x77CE7BBE+286]\n\tRtlGetAppContainerNamedObjectPath [0x77CE7B8E+238]\n\n"}}