{"0": {"description": "PEC --- failed to save family list.", "origin": "Traceback (most recent call last):\n  File \"D:\\Documents\\ENKO EDUCATION\\IT\\CODE\\eduka_code_manager\\family.py\", line 92, in replace_family_codes\n    element = WebDriverWait(driver1, wait).until(EC.element_to_be_clickable((By.XPATH, \"//*[@id='SearchCriteriaList']/div\")))\n  File \"D:\\Documents\\ENKO EDUCATION\\IT\\CODE\\eduka_code_manager\\.venv\\lib\\site-packages\\selenium\\webdriver\\support\\wait.py\", line 95, in until\n    raise TimeoutException(message, screen, stacktrace)\nselenium.common.exceptions.TimeoutException: Message: \nStacktrace:\nBacktrace:\n\t(No symbol) [0x00CAF243]\n\t(No symbol) [0x00C37FD1]\n\t(No symbol) [0x00B2D04D]\n\t(No symbol) [0x00B5C0B0]\n\t(No symbol) [0x00B5C22B]\n\t(No symbol) [0x00B8E612]\n\t(No symbol) [0x00B785D4]\n\t(No symbol) [0x00B8C9EB]\n\t(No symbol) [0x00B78386]\n\t(No symbol) [0x00B5163C]\n\t(No symbol) [0x00B5269D]\n\tGetHandleVerifier [0x00F49A22+2655074]\n\tGetHandleVerifier [0x00F3CA24+2601828]\n\tGetHandleVerifier [0x00D58C0A+619850]\n\tGetHandleVerifier [0x00D57830+614768]\n\t(No symbol) [0x00C405FC]\n\t(No symbol) [0x00C45968]\n\t(No symbol) [0x00C45A55]\n\t(No symbol) [0x00C5051B]\n\tBaseThreadInitThunk [0x75C400F9+25]\n\tRtlGetAppContainerNamedObjectPath [0x77CE7BBE+286]\n\tRtlGetAppContainerNamedObjectPath [0x77CE7B8E+238]\n\n"}, "1": {"description": "MZ --- failed to save family list.", "origin": "Traceback (most recent call last):\n  File \"D:\\Documents\\ENKO EDUCATION\\IT\\CODE\\eduka_code_manager\\family.py\", line 92, in replace_family_codes\n    element = WebDriverWait(driver1, wait).until(EC.element_to_be_clickable((By.XPATH, \"//*[@id='SearchCriteriaList']/div\")))\n  File \"D:\\Documents\\ENKO EDUCATION\\IT\\CODE\\eduka_code_manager\\.venv\\lib\\site-packages\\selenium\\webdriver\\support\\wait.py\", line 95, in until\n    raise TimeoutException(message, screen, stacktrace)\nselenium.common.exceptions.TimeoutException: Message: \nStacktrace:\nBacktrace:\n\t(No symbol) [0x00CAF243]\n\t(No symbol) [0x00C37FD1]\n\t(No symbol) [0x00B2D04D]\n\t(No symbol) [0x00B5C0B0]\n\t(No symbol) [0x00B5C22B]\n\t(No symbol) [0x00B8E612]\n\t(No symbol) [0x00B785D4]\n\t(No symbol) [0x00B8C9EB]\n\t(No symbol) [0x00B78386]\n\t(No symbol) [0x00B5163C]\n\t(No symbol) [0x00B5269D]\n\tGetHandleVerifier [0x00F49A22+2655074]\n\tGetHandleVerifier [0x00F3CA24+2601828]\n\tGetHandleVerifier [0x00D58C0A+619850]\n\tGetHandleVerifier [0x00D57830+614768]\n\t(No symbol) [0x00C405FC]\n\t(No symbol) [0x00C45968]\n\t(No symbol) [0x00C45A55]\n\t(No symbol) [0x00C5051B]\n\tBaseThreadInitThunk [0x75C400F9+25]\n\tRtlGetAppContainerNamedObjectPath [0x77CE7BBE+286]\n\tRtlGetAppContainerNamedObjectPath [0x77CE7B8E+238]\n\n"}, "2": {"description": "BOTHO --- failed to save family list.", "origin": "Traceback (most recent call last):\n  File \"D:\\Documents\\ENKO EDUCATION\\IT\\CODE\\eduka_code_manager\\family.py\", line 92, in replace_family_codes\n    element = WebDriverWait(driver1, wait).until(EC.element_to_be_clickable((By.XPATH, \"//*[@id='SearchCriteriaList']/div\")))\n  File \"D:\\Documents\\ENKO EDUCATION\\IT\\CODE\\eduka_code_manager\\.venv\\lib\\site-packages\\selenium\\webdriver\\support\\wait.py\", line 95, in until\n    raise TimeoutException(message, screen, stacktrace)\nselenium.common.exceptions.TimeoutException: Message: \nStacktrace:\nBacktrace:\n\t(No symbol) [0x00CAF243]\n\t(No symbol) [0x00C37FD1]\n\t(No symbol) [0x00B2D04D]\n\t(No symbol) [0x00B5C0B0]\n\t(No symbol) [0x00B5C22B]\n\t(No symbol) [0x00B8E612]\n\t(No symbol) [0x00B785D4]\n\t(No symbol) [0x00B8C9EB]\n\t(No symbol) [0x00B78386]\n\t(No symbol) [0x00B5163C]\n\t(No symbol) [0x00B5269D]\n\tGetHandleVerifier [0x00F49A22+2655074]\n\tGetHandleVerifier [0x00F3CA24+2601828]\n\tGetHandleVerifier [0x00D58C0A+619850]\n\tGetHandleVerifier [0x00D57830+614768]\n\t(No symbol) [0x00C405FC]\n\t(No symbol) [0x00C45968]\n\t(No symbol) [0x00C45A55]\n\t(No symbol) [0x00C5051B]\n\tBaseThreadInitThunk [0x75C400F9+25]\n\tRtlGetAppContainerNamedObjectPath [0x77CE7BBE+286]\n\tRtlGetAppContainerNamedObjectPath [0x77CE7B8E+238]\n\n"}, "3": {"description": "ZA --- failed to save family list.", "origin": "Traceback (most recent call last):\n  File \"D:\\Documents\\ENKO EDUCATION\\IT\\CODE\\eduka_code_manager\\family.py\", line 93, in replace_family_codes\n    driver1.find_element(By.XPATH, \"//*[@id='SearchCriteriaList']/div\").click()\n  File \"D:\\Documents\\ENKO EDUCATION\\IT\\CODE\\eduka_code_manager\\.venv\\lib\\site-packages\\selenium\\webdriver\\remote\\webelement.py\", line 93, in click\n    self._execute(Command.CLICK_ELEMENT)\n  File \"D:\\Documents\\ENKO EDUCATION\\IT\\CODE\\eduka_code_manager\\.venv\\lib\\site-packages\\selenium\\webdriver\\remote\\webelement.py\", line 410, in _execute\n    return self._parent.execute(command, params)\n  File \"D:\\Documents\\ENKO EDUCATION\\IT\\CODE\\eduka_code_manager\\.venv\\lib\\site-packages\\selenium\\webdriver\\remote\\webdriver.py\", line 444, in execute\n    self.error_handler.check_response(response)\n  File \"D:\\Documents\\ENKO EDUCATION\\IT\\CODE\\eduka_code_manager\\.venv\\lib\\site-packages\\selenium\\webdriver\\remote\\errorhandler.py\", line 249, in check_response\n    raise exception_class(message, screen, stacktrace)\nselenium.common.exceptions.StaleElementReferenceException: Message: stale element reference: element is not attached to the page document\n  (Session info: headless chrome=108.0.5359.125)\nStacktrace:\nBacktrace:\n\t(No symbol) [0x00CAF243]\n\t(No symbol) [0x00C37FD1]\n\t(No symbol) [0x00B2D04D]\n\t(No symbol) [0x00B2FD34]\n\t(No symbol) [0x00B2FBE5]\n\t(No symbol) [0x00B2FE80]\n\t(No symbol) [0x00B6021C]\n\t(No symbol) [0x00B5E4CB]\n\t(No symbol) [0x00B5D164]\n\t(No symbol) [0x00B532A6]\n\t(No symbol) [0x00B7858C]\n\t(No symbol) [0x00B52BFF]\n\t(No symbol) [0x00B78804]\n\t(No symbol) [0x00B8C9EB]\n\t(No symbol) [0x00B78386]\n\t(No symbol) [0x00B5163C]\n\t(No symbol) [0x00B5269D]\n\tGetHandleVerifier [0x00F49A22+2655074]\n\tGetHandleVerifier [0x00F3CA24+2601828]\n\tGetHandleVerifier [0x00D58C0A+619850]\n\tGetHandleVerifier [0x00D57830+614768]\n\t(No symbol) [0x00C405FC]\n\t(No symbol) [0x00C45968]\n\t(No symbol) [0x00C45A55]\n\t(No symbol) [0x00C5051B]\n\tBaseThreadInitThunk [0x75C400F9+25]\n\tRtlGetAppContainerNamedObjectPath [0x77CE7BBE+286]\n\tRtlGetAppContainerNamedObjectPath [0x77CE7B8E+238]\n\n"}, "4": {"description": "Pestalozzi Education Centre - male students --- Adding Identification Code Criterion failed", "origin": "Traceback (most recent call last):\n  File \"D:\\Documents\\ENKO EDUCATION\\IT\\CODE\\eduka_code_manager\\student.py\", line 78, in replace_student_codes\n    element = WebDriverWait(driver1, wait).until(EC.element_to_be_clickable((By.XPATH, '//*[@id=\"SearchCriteriaList\"]/div')))\n  File \"D:\\Documents\\ENKO EDUCATION\\IT\\CODE\\eduka_code_manager\\.venv\\lib\\site-packages\\selenium\\webdriver\\support\\wait.py\", line 95, in until\n    raise TimeoutException(message, screen, stacktrace)\nselenium.common.exceptions.TimeoutException: Message: \nStacktrace:\nBacktrace:\n\t(No symbol) [0x00CAF243]\n\t(No symbol) [0x00C37FD1]\n\t(No symbol) [0x00B2D04D]\n\t(No symbol) [0x00B5C0B0]\n\t(No symbol) [0x00B5C22B]\n\t(No symbol) [0x00B8E612]\n\t(No symbol) [0x00B785D4]\n\t(No symbol) [0x00B8C9EB]\n\t(No symbol) [0x00B78386]\n\t(No symbol) [0x00B5163C]\n\t(No symbol) [0x00B5269D]\n\tGetHandleVerifier [0x00F49A22+2655074]\n\tGetHandleVerifier [0x00F3CA24+2601828]\n\tGetHandleVerifier [0x00D58C0A+619850]\n\tGetHandleVerifier [0x00D57830+614768]\n\t(No symbol) [0x00C405FC]\n\t(No symbol) [0x00C45968]\n\t(No symbol) [0x00C45A55]\n\t(No symbol) [0x00C5051B]\n\tBaseThreadInitThunk [0x75C400F9+25]\n\tRtlGetAppContainerNamedObjectPath [0x77CE7BBE+286]\n\tRtlGetAppContainerNamedObjectPath [0x77CE7B8E+238]\n\n"}, "5": {"description": "Pestalozzi Education Centre - female students --- Adding Identification Code Criterion failed", "origin": "Traceback (most recent call last):\n  File \"D:\\Documents\\ENKO EDUCATION\\IT\\CODE\\eduka_code_manager\\student.py\", line 78, in replace_student_codes\n    element = WebDriverWait(driver1, wait).until(EC.element_to_be_clickable((By.XPATH, '//*[@id=\"SearchCriteriaList\"]/div')))\n  File \"D:\\Documents\\ENKO EDUCATION\\IT\\CODE\\eduka_code_manager\\.venv\\lib\\site-packages\\selenium\\webdriver\\support\\wait.py\", line 95, in until\n    raise TimeoutException(message, screen, stacktrace)\nselenium.common.exceptions.TimeoutException: Message: \nStacktrace:\nBacktrace:\n\t(No symbol) [0x00CAF243]\n\t(No symbol) [0x00C37FD1]\n\t(No symbol) [0x00B2D04D]\n\t(No symbol) [0x00B5C0B0]\n\t(No symbol) [0x00B5C22B]\n\t(No symbol) [0x00B8E612]\n\t(No symbol) [0x00B785D4]\n\t(No symbol) [0x00B8C9EB]\n\t(No symbol) [0x00B78386]\n\t(No symbol) [0x00B5163C]\n\t(No symbol) [0x00B5269D]\n\tGetHandleVerifier [0x00F49A22+2655074]\n\tGetHandleVerifier [0x00F3CA24+2601828]\n\tGetHandleVerifier [0x00D58C0A+619850]\n\tGetHandleVerifier [0x00D57830+614768]\n\t(No symbol) [0x00C405FC]\n\t(No symbol) [0x00C45968]\n\t(No symbol) [0x00C45A55]\n\t(No symbol) [0x00C5051B]\n\tBaseThreadInitThunk [0x75C400F9+25]\n\tRtlGetAppContainerNamedObjectPath [0x77CE7BBE+286]\n\tRtlGetAppContainerNamedObjectPath [0x77CE7B8E+238]\n\n"}, "6": {"description": "Enko Mozambique - male students --- Adding Identification Code Criterion failed", "origin": "Traceback (most recent call last):\n  File \"D:\\Documents\\ENKO EDUCATION\\IT\\CODE\\eduka_code_manager\\student.py\", line 78, in replace_student_codes\n    element = WebDriverWait(driver1, wait).until(EC.element_to_be_clickable((By.XPATH, '//*[@id=\"SearchCriteriaList\"]/div')))\n  File \"D:\\Documents\\ENKO EDUCATION\\IT\\CODE\\eduka_code_manager\\.venv\\lib\\site-packages\\selenium\\webdriver\\support\\wait.py\", line 95, in until\n    raise TimeoutException(message, screen, stacktrace)\nselenium.common.exceptions.TimeoutException: Message: \nStacktrace:\nBacktrace:\n\t(No symbol) [0x00CAF243]\n\t(No symbol) [0x00C37FD1]\n\t(No symbol) [0x00B2D04D]\n\t(No symbol) [0x00B5C0B0]\n\t(No symbol) [0x00B5C22B]\n\t(No symbol) [0x00B8E612]\n\t(No symbol) [0x00B785D4]\n\t(No symbol) [0x00B8C9EB]\n\t(No symbol) [0x00B78386]\n\t(No symbol) [0x00B5163C]\n\t(No symbol) [0x00B5269D]\n\tGetHandleVerifier [0x00F49A22+2655074]\n\tGetHandleVerifier [0x00F3CA24+2601828]\n\tGetHandleVerifier [0x00D58C0A+619850]\n\tGetHandleVerifier [0x00D57830+614768]\n\t(No symbol) [0x00C405FC]\n\t(No symbol) [0x00C45968]\n\t(No symbol) [0x00C45A55]\n\t(No symbol) [0x00C5051B]\n\tBaseThreadInitThunk [0x75C400F9+25]\n\tRtlGetAppContainerNamedObjectPath [0x77CE7BBE+286]\n\tRtlGetAppContainerNamedObjectPath [0x77CE7B8E+238]\n\n"}, "7": {"description": "Enko Mozambique - female students --- Adding Identification Code Criterion failed", "origin": "Traceback (most recent call last):\n  File \"D:\\Documents\\ENKO EDUCATION\\IT\\CODE\\eduka_code_manager\\student.py\", line 78, in replace_student_codes\n    element = WebDriverWait(driver1, wait).until(EC.element_to_be_clickable((By.XPATH, '//*[@id=\"SearchCriteriaList\"]/div')))\n  File \"D:\\Documents\\ENKO EDUCATION\\IT\\CODE\\eduka_code_manager\\.venv\\lib\\site-packages\\selenium\\webdriver\\support\\wait.py\", line 95, in until\n    raise TimeoutException(message, screen, stacktrace)\nselenium.common.exceptions.TimeoutException: Message: \nStacktrace:\nBacktrace:\n\t(No symbol) [0x00CAF243]\n\t(No symbol) [0x00C37FD1]\n\t(No symbol) [0x00B2D04D]\n\t(No symbol) [0x00B5C0B0]\n\t(No symbol) [0x00B5C22B]\n\t(No symbol) [0x00B8E612]\n\t(No symbol) [0x00B785D4]\n\t(No symbol) [0x00B8C9EB]\n\t(No symbol) [0x00B78386]\n\t(No symbol) [0x00B5163C]\n\t(No symbol) [0x00B5269D]\n\tGetHandleVerifier [0x00F49A22+2655074]\n\tGetHandleVerifier [0x00F3CA24+2601828]\n\tGetHandleVerifier [0x00D58C0A+619850]\n\tGetHandleVerifier [0x00D57830+614768]\n\t(No symbol) [0x00C405FC]\n\t(No symbol) [0x00C45968]\n\t(No symbol) [0x00C45A55]\n\t(No symbol) [0x00C5051B]\n\tBaseThreadInitThunk [0x75C400F9+25]\n\tRtlGetAppContainerNamedObjectPath [0x77CE7BBE+286]\n\tRtlGetAppContainerNamedObjectPath [0x77CE7B8E+238]\n\n"}, "8": {"description": "Enko Botho - male students --- Adding Identification Code Criterion failed", "origin": "Traceback (most recent call last):\n  File \"D:\\Documents\\ENKO EDUCATION\\IT\\CODE\\eduka_code_manager\\student.py\", line 78, in replace_student_codes\n    element = WebDriverWait(driver1, wait).until(EC.element_to_be_clickable((By.XPATH, '//*[@id=\"SearchCriteriaList\"]/div')))\n  File \"D:\\Documents\\ENKO EDUCATION\\IT\\CODE\\eduka_code_manager\\.venv\\lib\\site-packages\\selenium\\webdriver\\support\\wait.py\", line 95, in until\n    raise TimeoutException(message, screen, stacktrace)\nselenium.common.exceptions.TimeoutException: Message: \nStacktrace:\nBacktrace:\n\t(No symbol) [0x00CAF243]\n\t(No symbol) [0x00C37FD1]\n\t(No symbol) [0x00B2D04D]\n\t(No symbol) [0x00B5C0B0]\n\t(No symbol) [0x00B5C22B]\n\t(No symbol) [0x00B8E612]\n\t(No symbol) [0x00B785D4]\n\t(No symbol) [0x00B8C9EB]\n\t(No symbol) [0x00B78386]\n\t(No symbol) [0x00B5163C]\n\t(No symbol) [0x00B5269D]\n\tGetHandleVerifier [0x00F49A22+2655074]\n\tGetHandleVerifier [0x00F3CA24+2601828]\n\tGetHandleVerifier [0x00D58C0A+619850]\n\tGetHandleVerifier [0x00D57830+614768]\n\t(No symbol) [0x00C405FC]\n\t(No symbol) [0x00C45968]\n\t(No symbol) [0x00C45A55]\n\t(No symbol) [0x00C5051B]\n\tBaseThreadInitThunk [0x75C400F9+25]\n\tRtlGetAppContainerNamedObjectPath [0x77CE7BBE+286]\n\tRtlGetAppContainerNamedObjectPath [0x77CE7B8E+238]\n\n"}, "9": {"description": "Enko Botho - female students --- Adding Identification Code Criterion failed", "origin": "Traceback (most recent call last):\n  File \"D:\\Documents\\ENKO EDUCATION\\IT\\CODE\\eduka_code_manager\\student.py\", line 78, in replace_student_codes\n    element = WebDriverWait(driver1, wait).until(EC.element_to_be_clickable((By.XPATH, '//*[@id=\"SearchCriteriaList\"]/div')))\n  File \"D:\\Documents\\ENKO EDUCATION\\IT\\CODE\\eduka_code_manager\\.venv\\lib\\site-packages\\selenium\\webdriver\\support\\wait.py\", line 95, in until\n    raise TimeoutException(message, screen, stacktrace)\nselenium.common.exceptions.TimeoutException: Message: \nStacktrace:\nBacktrace:\n\t(No symbol) [0x00CAF243]\n\t(No symbol) [0x00C37FD1]\n\t(No symbol) [0x00B2D04D]\n\t(No symbol) [0x00B5C0B0]\n\t(No symbol) [0x00B5C22B]\n\t(No symbol) [0x00B8E612]\n\t(No symbol) [0x00B785D4]\n\t(No symbol) [0x00B8C9EB]\n\t(No symbol) [0x00B78386]\n\t(No symbol) [0x00B5163C]\n\t(No symbol) [0x00B5269D]\n\tGetHandleVerifier [0x00F49A22+2655074]\n\tGetHandleVerifier [0x00F3CA24+2601828]\n\tGetHandleVerifier [0x00D58C0A+619850]\n\tGetHandleVerifier [0x00D57830+614768]\n\t(No symbol) [0x00C405FC]\n\t(No symbol) [0x00C45968]\n\t(No symbol) [0x00C45A55]\n\t(No symbol) [0x00C5051B]\n\tBaseThreadInitThunk [0x75C400F9+25]\n\tRtlGetAppContainerNamedObjectPath [0x77CE7BBE+286]\n\tRtlGetAppContainerNamedObjectPath [0x77CE7B8E+238]\n\n"}, "10": {"description": "Enko South Africa - female students --- Failed to add Gender Criterion to student list.", "origin": "Traceback (most recent call last):\n  File \"D:\\Documents\\ENKO EDUCATION\\IT\\CODE\\eduka_code_manager\\student.py\", line 114, in replace_student_codes\n    element = WebDriverWait(driver1, wait).until(EC.element_to_be_clickable((By.XPATH, '//*[@id=\"CLTableCriteria\"]/tbody/tr[2]/td[2]/span/span')))\n  File \"D:\\Documents\\ENKO EDUCATION\\IT\\CODE\\eduka_code_manager\\.venv\\lib\\site-packages\\selenium\\webdriver\\support\\wait.py\", line 95, in until\n    raise TimeoutException(message, screen, stacktrace)\nselenium.common.exceptions.TimeoutException: Message: \nStacktrace:\nBacktrace:\n\t(No symbol) [0x00CAF243]\n\t(No symbol) [0x00C37FD1]\n\t(No symbol) [0x00B2D04D]\n\t(No symbol) [0x00B5C0B0]\n\t(No symbol) [0x00B5C22B]\n\t(No symbol) [0x00B8E612]\n\t(No symbol) [0x00B785D4]\n\t(No symbol) [0x00B8C9EB]\n\t(No symbol) [0x00B78386]\n\t(No symbol) [0x00B5163C]\n\t(No symbol) [0x00B5269D]\n\tGetHandleVerifier [0x00F49A22+2655074]\n\tGetHandleVerifier [0x00F3CA24+2601828]\n\tGetHandleVerifier [0x00D58C0A+619850]\n\tGetHandleVerifier [0x00D57830+614768]\n\t(No symbol) [0x00C405FC]\n\t(No symbol) [0x00C45968]\n\t(No symbol) [0x00C45A55]\n\t(No symbol) [0x00C5051B]\n\tBaseThreadInitThunk [0x75C400F9+25]\n\tRtlGetAppContainerNamedObjectPath [0x77CE7BBE+286]\n\tRtlGetAppContainerNamedObjectPath [0x77CE7B8E+238]\n\n"}}