{"0": {"description": "ZA --- failed to save family list.", "origin": "Traceback (most recent call last):\n  File \"D:\\Documents\\ENKO EDUCATION\\IT\\CODE\\eduka_code_manager\\family.py\", line 118, in replace_family_codes\n    driver.find_element(By.XPATH,'/html/body/div[15]/div[3]/div/button').click()\n  File \"D:\\Documents\\ENKO EDUCATION\\IT\\CODE\\eduka_code_manager\\.venv\\lib\\site-packages\\selenium\\webdriver\\remote\\webelement.py\", line 93, in click\n    self._execute(Command.CLICK_ELEMENT)\n  File \"D:\\Documents\\ENKO EDUCATION\\IT\\CODE\\eduka_code_manager\\.venv\\lib\\site-packages\\selenium\\webdriver\\remote\\webelement.py\", line 410, in _execute\n    return self._parent.execute(command, params)\n  File \"D:\\Documents\\ENKO EDUCATION\\IT\\CODE\\eduka_code_manager\\.venv\\lib\\site-packages\\selenium\\webdriver\\remote\\webdriver.py\", line 444, in execute\n    self.error_handler.check_response(response)\n  File \"D:\\Documents\\ENKO EDUCATION\\IT\\CODE\\eduka_code_manager\\.venv\\lib\\site-packages\\selenium\\webdriver\\remote\\errorhandler.py\", line 249, in check_response\n    raise exception_class(message, screen, stacktrace)\nselenium.common.exceptions.ElementClickInterceptedException: Message: element click intercepted: Element <button type=\"button\" class=\"ui-button ui-widget ui-state-default ui-corner-all ui-button-text-only\" role=\"button\">...</button> is not clickable at point (408, 513). Other element would receive the click: <div class=\"ui-widget-overlay ui-front\" style=\"z-index: 105;\"></div>\n  (Session info: headless chrome=109.0.5414.74)\nStacktrace:\nBacktrace:\n\t(No symbol) [0x00D36643]\n\t(No symbol) [0x00CCBE21]\n\t(No symbol) [0x00BCDA9D]\n\t(No symbol) [0x00C092B2]\n\t(No symbol) [0x00C06970]\n\t(No symbol) [0x00C03E0B]\n\t(No symbol) [0x00C02548]\n\t(No symbol) [0x00BF6B13]\n\t(No symbol) [0x00C1FD7C]\n\t(No symbol) [0x00BF641F]\n\t(No symbol) [0x00C200D4]\n\t(No symbol) [0x00C36B09]\n\t(No symbol) [0x00C1FB76]\n\t(No symbol) [0x00BF49C1]\n\t(No symbol) [0x00BF5E5D]\n\tGetHandleVerifier [0x00FAA142+2497106]\n\tGetHandleVerifier [0x00FD85D3+2686691]\n\tGetHandleVerifier [0x00FDBB9C+2700460]\n\tGetHandleVerifier [0x00DE3B10+635936]\n\t(No symbol) [0x00CD4A1F]\n\t(No symbol) [0x00CDA418]\n\t(No symbol) [0x00CDA505]\n\t(No symbol) [0x00CE508B]\n\tBaseThreadInitThunk [0x755600F9+25]\n\tRtlGetAppContainerNamedObjectPath [0x773E7BBE+286]\n\tRtlGetAppContainerNamedObjectPath [0x773E7B8E+238]\n\n"}, "1": {"description": "Enko South Africa - female students --- Failed to log in with Selenium driver for getting wrong student codes.", "origin": "Traceback (most recent call last):\n  File \"D:\\Documents\\ENKO EDUCATION\\IT\\CODE\\eduka_code_manager\\student.py\", line 56, in replace_student_codes\n    element = WebDriverWait(driver, wait).until(EC.presence_of_element_located((By.ID, \"txLogin\")))\n  File \"D:\\Documents\\ENKO EDUCATION\\IT\\CODE\\eduka_code_manager\\.venv\\lib\\site-packages\\selenium\\webdriver\\support\\wait.py\", line 95, in until\n    raise TimeoutException(message, screen, stacktrace)\nselenium.common.exceptions.TimeoutException: Message: \nStacktrace:\nBacktrace:\n\t(No symbol) [0x00D36643]\n\t(No symbol) [0x00CCBE21]\n\t(No symbol) [0x00BCDA9D]\n\t(No symbol) [0x00C01342]\n\t(No symbol) [0x00C0147B]\n\t(No symbol) [0x00C38DC2]\n\t(No symbol) [0x00C1FDC4]\n\t(No symbol) [0x00C36B09]\n\t(No symbol) [0x00C1FB76]\n\t(No symbol) [0x00BF49C1]\n\t(No symbol) [0x00BF5E5D]\n\tGetHandleVerifier [0x00FAA142+2497106]\n\tGetHandleVerifier [0x00FD85D3+2686691]\n\tGetHandleVerifier [0x00FDBB9C+2700460]\n\tGetHandleVerifier [0x00DE3B10+635936]\n\t(No symbol) [0x00CD4A1F]\n\t(No symbol) [0x00CDA418]\n\t(No symbol) [0x00CDA505]\n\t(No symbol) [0x00CE508B]\n\tBaseThreadInitThunk [0x755600F9+25]\n\tRtlGetAppContainerNamedObjectPath [0x773E7BBE+286]\n\tRtlGetAppContainerNamedObjectPath [0x773E7B8E+238]\n\n"}}