{"0": {"description": "PEC --- failed to save family list.", "origin": "Traceback (most recent call last):\n  File \"D:\\Documents\\ENKO EDUCATION\\IT\\CODE\\eduka_code_manager\\family.py\", line 93, in replace_family_codes\n    element = WebDriverWait(driver1, wait).until(EC.element_to_be_clickable((By.XPATH, \"//*[@id='SearchCriteriaList']/div\")))\n  File \"D:\\Documents\\ENKO EDUCATION\\IT\\CODE\\eduka_code_manager\\.venv\\lib\\site-packages\\selenium\\webdriver\\support\\wait.py\", line 95, in until\n    raise TimeoutException(message, screen, stacktrace)\nselenium.common.exceptions.TimeoutException: Message: \nStacktrace:\nBacktrace:\n\t(No symbol) [0x0058F243]\n\t(No symbol) [0x00517FD1]\n\t(No symbol) [0x0040D04D]\n\t(No symbol) [0x0043C0B0]\n\t(No symbol) [0x0043C22B]\n\t(No symbol) [0x0046E612]\n\t(No symbol) [0x004585D4]\n\t(No symbol) [0x0046C9EB]\n\t(No symbol) [0x00458386]\n\t(No symbol) [0x0043163C]\n\t(No symbol) [0x0043269D]\n\tGetHandleVerifier [0x00829A22+2655074]\n\tGetHandleVerifier [0x0081CA24+2601828]\n\tGetHandleVerifier [0x00638C0A+619850]\n\tGetHandleVerifier [0x00637830+614768]\n\t(No symbol) [0x005205FC]\n\t(No symbol) [0x00525968]\n\t(No symbol) [0x00525A55]\n\t(No symbol) [0x0053051B]\n\tBaseThreadInitThunk [0x75C400F9+25]\n\tRtlGetAppContainerNamedObjectPath [0x77CE7BBE+286]\n\tRtlGetAppContainerNamedObjectPath [0x77CE7B8E+238]\n\n"}, "1": {"description": "Pestalozzi Education Centre - male students --- Adding Identification Code Criterion failed", "origin": "Traceback (most recent call last):\n  File \"D:\\Documents\\ENKO EDUCATION\\IT\\CODE\\eduka_code_manager\\student.py\", line 80, in replace_student_codes\n    element = WebDriverWait(driver1, wait).until(EC.element_to_be_clickable((By.XPATH, '//*[@id=\"SearchCriteriaList\"]/div')))\n  File \"D:\\Documents\\ENKO EDUCATION\\IT\\CODE\\eduka_code_manager\\.venv\\lib\\site-packages\\selenium\\webdriver\\support\\wait.py\", line 95, in until\n    raise TimeoutException(message, screen, stacktrace)\nselenium.common.exceptions.TimeoutException: Message: \nStacktrace:\nBacktrace:\n\t(No symbol) [0x0058F243]\n\t(No symbol) [0x00517FD1]\n\t(No symbol) [0x0040D04D]\n\t(No symbol) [0x0043C0B0]\n\t(No symbol) [0x0043C22B]\n\t(No symbol) [0x0046E612]\n\t(No symbol) [0x004585D4]\n\t(No symbol) [0x0046C9EB]\n\t(No symbol) [0x00458386]\n\t(No symbol) [0x0043163C]\n\t(No symbol) [0x0043269D]\n\tGetHandleVerifier [0x00829A22+2655074]\n\tGetHandleVerifier [0x0081CA24+2601828]\n\tGetHandleVerifier [0x00638C0A+619850]\n\tGetHandleVerifier [0x00637830+614768]\n\t(No symbol) [0x005205FC]\n\t(No symbol) [0x00525968]\n\t(No symbol) [0x00525A55]\n\t(No symbol) [0x0053051B]\n\tBaseThreadInitThunk [0x75C400F9+25]\n\tRtlGetAppContainerNamedObjectPath [0x77CE7BBE+286]\n\tRtlGetAppContainerNamedObjectPath [0x77CE7B8E+238]\n\n"}, "2": {"description": "Pestalozzi Education Centre - female students --- Adding Identification Code Criterion failed", "origin": "Traceback (most recent call last):\n  File \"D:\\Documents\\ENKO EDUCATION\\IT\\CODE\\eduka_code_manager\\student.py\", line 80, in replace_student_codes\n    element = WebDriverWait(driver1, wait).until(EC.element_to_be_clickable((By.XPATH, '//*[@id=\"SearchCriteriaList\"]/div')))\n  File \"D:\\Documents\\ENKO EDUCATION\\IT\\CODE\\eduka_code_manager\\.venv\\lib\\site-packages\\selenium\\webdriver\\support\\wait.py\", line 95, in until\n    raise TimeoutException(message, screen, stacktrace)\nselenium.common.exceptions.TimeoutException: Message: \nStacktrace:\nBacktrace:\n\t(No symbol) [0x0058F243]\n\t(No symbol) [0x00517FD1]\n\t(No symbol) [0x0040D04D]\n\t(No symbol) [0x0043C0B0]\n\t(No symbol) [0x0043C22B]\n\t(No symbol) [0x0046E612]\n\t(No symbol) [0x004585D4]\n\t(No symbol) [0x0046C9EB]\n\t(No symbol) [0x00458386]\n\t(No symbol) [0x0043163C]\n\t(No symbol) [0x0043269D]\n\tGetHandleVerifier [0x00829A22+2655074]\n\tGetHandleVerifier [0x0081CA24+2601828]\n\tGetHandleVerifier [0x00638C0A+619850]\n\tGetHandleVerifier [0x00637830+614768]\n\t(No symbol) [0x005205FC]\n\t(No symbol) [0x00525968]\n\t(No symbol) [0x00525A55]\n\t(No symbol) [0x0053051B]\n\tBaseThreadInitThunk [0x75C400F9+25]\n\tRtlGetAppContainerNamedObjectPath [0x77CE7BBE+286]\n\tRtlGetAppContainerNamedObjectPath [0x77CE7B8E+238]\n\n"}}