{"0": {"description": "PEC --- failed to save family list.", "origin": "Traceback (most recent call last):\n  File \"D:\\Documents\\ENKO EDUCATION\\IT\\CODE\\eduka_code_manager\\family.py\", line 93, in replace_family_codes\n    element = WebDriverWait(driver1, wait).until(EC.element_to_be_clickable((By.XPATH, \"//*[@id='SearchCriteriaList']/div\")))\n  File \"D:\\Documents\\ENKO EDUCATION\\IT\\CODE\\eduka_code_manager\\.venv\\lib\\site-packages\\selenium\\webdriver\\support\\wait.py\", line 95, in until\n    raise TimeoutException(message, screen, stacktrace)\nselenium.common.exceptions.TimeoutException: Message: \nStacktrace:\nBacktrace:\n\t(No symbol) [0x0058F243]\n\t(No symbol) [0x00517FD1]\n\t(No symbol) [0x0040D04D]\n\t(No symbol) [0x0043C0B0]\n\t(No symbol) [0x0043C22B]\n\t(No symbol) [0x0046E612]\n\t(No symbol) [0x004585D4]\n\t(No symbol) [0x0046C9EB]\n\t(No symbol) [0x00458386]\n\t(No symbol) [0x0043163C]\n\t(No symbol) [0x0043269D]\n\tGetHandleVerifier [0x00829A22+2655074]\n\tGetHandleVerifier [0x0081CA24+2601828]\n\tGetHandleVerifier [0x00638C0A+619850]\n\tGetHandleVerifier [0x00637830+614768]\n\t(No symbol) [0x005205FC]\n\t(No symbol) [0x00525968]\n\t(No symbol) [0x00525A55]\n\t(No symbol) [0x0053051B]\n\tBaseThreadInitThunk [0x75C400F9+25]\n\tRtlGetAppContainerNamedObjectPath [0x77CE7BBE+286]\n\tRtlGetAppContainerNamedObjectPath [0x77CE7B8E+238]\n\n"}, "1": {"description": "MZ --- failed to save family list.", "origin": "Traceback (most recent call last):\n  File \"D:\\Documents\\ENKO EDUCATION\\IT\\CODE\\eduka_code_manager\\family.py\", line 93, in replace_family_codes\n    element = WebDriverWait(driver1, wait).until(EC.element_to_be_clickable((By.XPATH, \"//*[@id='SearchCriteriaList']/div\")))\n  File \"D:\\Documents\\ENKO EDUCATION\\IT\\CODE\\eduka_code_manager\\.venv\\lib\\site-packages\\selenium\\webdriver\\support\\wait.py\", line 95, in until\n    raise TimeoutException(message, screen, stacktrace)\nselenium.common.exceptions.TimeoutException: Message: \nStacktrace:\nBacktrace:\n\t(No symbol) [0x0058F243]\n\t(No symbol) [0x00517FD1]\n\t(No symbol) [0x0040D04D]\n\t(No symbol) [0x0043C0B0]\n\t(No symbol) [0x0043C22B]\n\t(No symbol) [0x0046E612]\n\t(No symbol) [0x004585D4]\n\t(No symbol) [0x0046C9EB]\n\t(No symbol) [0x00458386]\n\t(No symbol) [0x0043163C]\n\t(No symbol) [0x0043269D]\n\tGetHandleVerifier [0x00829A22+2655074]\n\tGetHandleVerifier [0x0081CA24+2601828]\n\tGetHandleVerifier [0x00638C0A+619850]\n\tGetHandleVerifier [0x00637830+614768]\n\t(No symbol) [0x005205FC]\n\t(No symbol) [0x00525968]\n\t(No symbol) [0x00525A55]\n\t(No symbol) [0x0053051B]\n\tBaseThreadInitThunk [0x75C400F9+25]\n\tRtlGetAppContainerNamedObjectPath [0x77CE7BBE+286]\n\tRtlGetAppContainerNamedObjectPath [0x77CE7B8E+238]\n\n"}, "2": {"description": "BOTHO --- failed to save family list.", "origin": "Traceback (most recent call last):\n  File \"D:\\Documents\\ENKO EDUCATION\\IT\\CODE\\eduka_code_manager\\family.py\", line 93, in replace_family_codes\n    element = WebDriverWait(driver1, wait).until(EC.element_to_be_clickable((By.XPATH, \"//*[@id='SearchCriteriaList']/div\")))\n  File \"D:\\Documents\\ENKO EDUCATION\\IT\\CODE\\eduka_code_manager\\.venv\\lib\\site-packages\\selenium\\webdriver\\support\\wait.py\", line 95, in until\n    raise TimeoutException(message, screen, stacktrace)\nselenium.common.exceptions.TimeoutException: Message: \nStacktrace:\nBacktrace:\n\t(No symbol) [0x0058F243]\n\t(No symbol) [0x00517FD1]\n\t(No symbol) [0x0040D04D]\n\t(No symbol) [0x0043C0B0]\n\t(No symbol) [0x0043C22B]\n\t(No symbol) [0x0046E612]\n\t(No symbol) [0x004585D4]\n\t(No symbol) [0x0046C9EB]\n\t(No symbol) [0x00458386]\n\t(No symbol) [0x0043163C]\n\t(No symbol) [0x0043269D]\n\tGetHandleVerifier [0x00829A22+2655074]\n\tGetHandleVerifier [0x0081CA24+2601828]\n\tGetHandleVerifier [0x00638C0A+619850]\n\tGetHandleVerifier [0x00637830+614768]\n\t(No symbol) [0x005205FC]\n\t(No symbol) [0x00525968]\n\t(No symbol) [0x00525A55]\n\t(No symbol) [0x0053051B]\n\tBaseThreadInitThunk [0x75C400F9+25]\n\tRtlGetAppContainerNamedObjectPath [0x77CE7BBE+286]\n\tRtlGetAppContainerNamedObjectPath [0x77CE7B8E+238]\n\n"}, "3": {"description": "Enko South Africa - male students --- Failed to get to code replacement page.", "origin": "Traceback (most recent call last):\n  File \"D:\\Documents\\ENKO EDUCATION\\IT\\CODE\\eduka_code_manager\\student.py\", line 201, in replace_student_codes\n    driver2.get(platform[\"website_url\"] + \"/configuration/manage/sync\")\n  File \"D:\\Documents\\ENKO EDUCATION\\IT\\CODE\\eduka_code_manager\\.venv\\lib\\site-packages\\selenium\\webdriver\\remote\\webdriver.py\", line 455, in get\n    self.execute(Command.GET, {\"url\": url})\n  File \"D:\\Documents\\ENKO EDUCATION\\IT\\CODE\\eduka_code_manager\\.venv\\lib\\site-packages\\selenium\\webdriver\\remote\\webdriver.py\", line 444, in execute\n    self.error_handler.check_response(response)\n  File \"D:\\Documents\\ENKO EDUCATION\\IT\\CODE\\eduka_code_manager\\.venv\\lib\\site-packages\\selenium\\webdriver\\remote\\errorhandler.py\", line 249, in check_response\n    raise exception_class(message, screen, stacktrace)\nselenium.common.exceptions.TimeoutException: Message: timeout: Timed out receiving message from renderer: 298.851\n  (Session info: headless chrome=108.0.5359.125)\nStacktrace:\nBacktrace:\n\t(No symbol) [0x0058F243]\n\t(No symbol) [0x00517FD1]\n\t(No symbol) [0x0040D04D]\n\t(No symbol) [0x003FFC24]\n\t(No symbol) [0x003FFA5C]\n\t(No symbol) [0x003FE7E8]\n\t(No symbol) [0x003FEEF7]\n\t(No symbol) [0x00407F08]\n\t(No symbol) [0x00413455]\n\t(No symbol) [0x00416766]\n\t(No symbol) [0x003FF2A1]\n\t(No symbol) [0x0041328F]\n\t(No symbol) [0x0046CDCE]\n\t(No symbol) [0x00458386]\n\t(No symbol) [0x0043163C]\n\t(No symbol) [0x0043269D]\n\tGetHandleVerifier [0x00829A22+2655074]\n\tGetHandleVerifier [0x0081CA24+2601828]\n\tGetHandleVerifier [0x00638C0A+619850]\n\tGetHandleVerifier [0x00637830+614768]\n\t(No symbol) [0x005205FC]\n\t(No symbol) [0x00525968]\n\t(No symbol) [0x00525A55]\n\t(No symbol) [0x0053051B]\n\tBaseThreadInitThunk [0x75C400F9+25]\n\tRtlGetAppContainerNamedObjectPath [0x77CE7BBE+286]\n\tRtlGetAppContainerNamedObjectPath [0x77CE7B8E+238]\n\n"}, "4": {"description": "Pestalozzi Education Centre - male students --- Adding Identification Code Criterion failed", "origin": "Traceback (most recent call last):\n  File \"D:\\Documents\\ENKO EDUCATION\\IT\\CODE\\eduka_code_manager\\student.py\", line 80, in replace_student_codes\n    element = WebDriverWait(driver1, wait).until(EC.element_to_be_clickable((By.XPATH, '//*[@id=\"SearchCriteriaList\"]/div')))\n  File \"D:\\Documents\\ENKO EDUCATION\\IT\\CODE\\eduka_code_manager\\.venv\\lib\\site-packages\\selenium\\webdriver\\support\\wait.py\", line 95, in until\n    raise TimeoutException(message, screen, stacktrace)\nselenium.common.exceptions.TimeoutException: Message: \nStacktrace:\nBacktrace:\n\t(No symbol) [0x0058F243]\n\t(No symbol) [0x00517FD1]\n\t(No symbol) [0x0040D04D]\n\t(No symbol) [0x0043C0B0]\n\t(No symbol) [0x0043C22B]\n\t(No symbol) [0x0046E612]\n\t(No symbol) [0x004585D4]\n\t(No symbol) [0x0046C9EB]\n\t(No symbol) [0x00458386]\n\t(No symbol) [0x0043163C]\n\t(No symbol) [0x0043269D]\n\tGetHandleVerifier [0x00829A22+2655074]\n\tGetHandleVerifier [0x0081CA24+2601828]\n\tGetHandleVerifier [0x00638C0A+619850]\n\tGetHandleVerifier [0x00637830+614768]\n\t(No symbol) [0x005205FC]\n\t(No symbol) [0x00525968]\n\t(No symbol) [0x00525A55]\n\t(No symbol) [0x0053051B]\n\tBaseThreadInitThunk [0x75C400F9+25]\n\tRtlGetAppContainerNamedObjectPath [0x77CE7BBE+286]\n\tRtlGetAppContainerNamedObjectPath [0x77CE7B8E+238]\n\n"}, "5": {"description": "Pestalozzi Education Centre - female students --- Adding Identification Code Criterion failed", "origin": "Traceback (most recent call last):\n  File \"D:\\Documents\\ENKO EDUCATION\\IT\\CODE\\eduka_code_manager\\student.py\", line 80, in replace_student_codes\n    element = WebDriverWait(driver1, wait).until(EC.element_to_be_clickable((By.XPATH, '//*[@id=\"SearchCriteriaList\"]/div')))\n  File \"D:\\Documents\\ENKO EDUCATION\\IT\\CODE\\eduka_code_manager\\.venv\\lib\\site-packages\\selenium\\webdriver\\support\\wait.py\", line 95, in until\n    raise TimeoutException(message, screen, stacktrace)\nselenium.common.exceptions.TimeoutException: Message: \nStacktrace:\nBacktrace:\n\t(No symbol) [0x0058F243]\n\t(No symbol) [0x00517FD1]\n\t(No symbol) [0x0040D04D]\n\t(No symbol) [0x0043C0B0]\n\t(No symbol) [0x0043C22B]\n\t(No symbol) [0x0046E612]\n\t(No symbol) [0x004585D4]\n\t(No symbol) [0x0046C9EB]\n\t(No symbol) [0x00458386]\n\t(No symbol) [0x0043163C]\n\t(No symbol) [0x0043269D]\n\tGetHandleVerifier [0x00829A22+2655074]\n\tGetHandleVerifier [0x0081CA24+2601828]\n\tGetHandleVerifier [0x00638C0A+619850]\n\tGetHandleVerifier [0x00637830+614768]\n\t(No symbol) [0x005205FC]\n\t(No symbol) [0x00525968]\n\t(No symbol) [0x00525A55]\n\t(No symbol) [0x0053051B]\n\tBaseThreadInitThunk [0x75C400F9+25]\n\tRtlGetAppContainerNamedObjectPath [0x77CE7BBE+286]\n\tRtlGetAppContainerNamedObjectPath [0x77CE7B8E+238]\n\n"}, "6": {"description": "Enko Mozambique - male students --- Adding Identification Code Criterion failed", "origin": "Traceback (most recent call last):\n  File \"D:\\Documents\\ENKO EDUCATION\\IT\\CODE\\eduka_code_manager\\student.py\", line 80, in replace_student_codes\n    element = WebDriverWait(driver1, wait).until(EC.element_to_be_clickable((By.XPATH, '//*[@id=\"SearchCriteriaList\"]/div')))\n  File \"D:\\Documents\\ENKO EDUCATION\\IT\\CODE\\eduka_code_manager\\.venv\\lib\\site-packages\\selenium\\webdriver\\support\\wait.py\", line 95, in until\n    raise TimeoutException(message, screen, stacktrace)\nselenium.common.exceptions.TimeoutException: Message: \nStacktrace:\nBacktrace:\n\t(No symbol) [0x0058F243]\n\t(No symbol) [0x00517FD1]\n\t(No symbol) [0x0040D04D]\n\t(No symbol) [0x0043C0B0]\n\t(No symbol) [0x0043C22B]\n\t(No symbol) [0x0046E612]\n\t(No symbol) [0x004585D4]\n\t(No symbol) [0x0046C9EB]\n\t(No symbol) [0x00458386]\n\t(No symbol) [0x0043163C]\n\t(No symbol) [0x0043269D]\n\tGetHandleVerifier [0x00829A22+2655074]\n\tGetHandleVerifier [0x0081CA24+2601828]\n\tGetHandleVerifier [0x00638C0A+619850]\n\tGetHandleVerifier [0x00637830+614768]\n\t(No symbol) [0x005205FC]\n\t(No symbol) [0x00525968]\n\t(No symbol) [0x00525A55]\n\t(No symbol) [0x0053051B]\n\tBaseThreadInitThunk [0x75C400F9+25]\n\tRtlGetAppContainerNamedObjectPath [0x77CE7BBE+286]\n\tRtlGetAppContainerNamedObjectPath [0x77CE7B8E+238]\n\n"}, "7": {"description": "Enko Mozambique - female students --- Adding Identification Code Criterion failed", "origin": "Traceback (most recent call last):\n  File \"D:\\Documents\\ENKO EDUCATION\\IT\\CODE\\eduka_code_manager\\student.py\", line 80, in replace_student_codes\n    element = WebDriverWait(driver1, wait).until(EC.element_to_be_clickable((By.XPATH, '//*[@id=\"SearchCriteriaList\"]/div')))\n  File \"D:\\Documents\\ENKO EDUCATION\\IT\\CODE\\eduka_code_manager\\.venv\\lib\\site-packages\\selenium\\webdriver\\support\\wait.py\", line 95, in until\n    raise TimeoutException(message, screen, stacktrace)\nselenium.common.exceptions.TimeoutException: Message: \nStacktrace:\nBacktrace:\n\t(No symbol) [0x0058F243]\n\t(No symbol) [0x00517FD1]\n\t(No symbol) [0x0040D04D]\n\t(No symbol) [0x0043C0B0]\n\t(No symbol) [0x0043C22B]\n\t(No symbol) [0x0046E612]\n\t(No symbol) [0x004585D4]\n\t(No symbol) [0x0046C9EB]\n\t(No symbol) [0x00458386]\n\t(No symbol) [0x0043163C]\n\t(No symbol) [0x0043269D]\n\tGetHandleVerifier [0x00829A22+2655074]\n\tGetHandleVerifier [0x0081CA24+2601828]\n\tGetHandleVerifier [0x00638C0A+619850]\n\tGetHandleVerifier [0x00637830+614768]\n\t(No symbol) [0x005205FC]\n\t(No symbol) [0x00525968]\n\t(No symbol) [0x00525A55]\n\t(No symbol) [0x0053051B]\n\tBaseThreadInitThunk [0x75C400F9+25]\n\tRtlGetAppContainerNamedObjectPath [0x77CE7BBE+286]\n\tRtlGetAppContainerNamedObjectPath [0x77CE7B8E+238]\n\n"}, "8": {"description": "Enko Botho - male students --- Failed to log in with Selenium driver for getting wrong student codes.", "origin": "Traceback (most recent call last):\n  File \"D:\\Documents\\ENKO EDUCATION\\IT\\CODE\\eduka_code_manager\\student.py\", line 42, in replace_student_codes\n    driver1.get(platform[\"website_url\"] + \"/list/manage/editlist/student\")\n  File \"D:\\Documents\\ENKO EDUCATION\\IT\\CODE\\eduka_code_manager\\.venv\\lib\\site-packages\\selenium\\webdriver\\remote\\webdriver.py\", line 455, in get\n    self.execute(Command.GET, {\"url\": url})\n  File \"D:\\Documents\\ENKO EDUCATION\\IT\\CODE\\eduka_code_manager\\.venv\\lib\\site-packages\\selenium\\webdriver\\remote\\webdriver.py\", line 444, in execute\n    self.error_handler.check_response(response)\n  File \"D:\\Documents\\ENKO EDUCATION\\IT\\CODE\\eduka_code_manager\\.venv\\lib\\site-packages\\selenium\\webdriver\\remote\\errorhandler.py\", line 249, in check_response\n    raise exception_class(message, screen, stacktrace)\nselenium.common.exceptions.TimeoutException: Message: timeout: Timed out receiving message from renderer: 274.528\n  (Session info: headless chrome=108.0.5359.125)\nStacktrace:\nBacktrace:\n\t(No symbol) [0x0058F243]\n\t(No symbol) [0x00517FD1]\n\t(No symbol) [0x0040D04D]\n\t(No symbol) [0x003FFC24]\n\t(No symbol) [0x003FFA5C]\n\t(No symbol) [0x003FE7E8]\n\t(No symbol) [0x003FEEF7]\n\t(No symbol) [0x00407F08]\n\t(No symbol) [0x00413455]\n\t(No symbol) [0x00416766]\n\t(No symbol) [0x003FF2A1]\n\t(No symbol) [0x0041328F]\n\t(No symbol) [0x0046CDCE]\n\t(No symbol) [0x00458386]\n\t(No symbol) [0x0043163C]\n\t(No symbol) [0x0043269D]\n\tGetHandleVerifier [0x00829A22+2655074]\n\tGetHandleVerifier [0x0081CA24+2601828]\n\tGetHandleVerifier [0x00638C0A+619850]\n\tGetHandleVerifier [0x00637830+614768]\n\t(No symbol) [0x005205FC]\n\t(No symbol) [0x00525968]\n\t(No symbol) [0x00525A55]\n\t(No symbol) [0x0053051B]\n\tBaseThreadInitThunk [0x75C400F9+25]\n\tRtlGetAppContainerNamedObjectPath [0x77CE7BBE+286]\n\tRtlGetAppContainerNamedObjectPath [0x77CE7B8E+238]\n\n"}, "9": {"description": "Enko Botho - female students --- Adding Identification Code Criterion failed", "origin": "Traceback (most recent call last):\n  File \"D:\\Documents\\ENKO EDUCATION\\IT\\CODE\\eduka_code_manager\\student.py\", line 80, in replace_student_codes\n    element = WebDriverWait(driver1, wait).until(EC.element_to_be_clickable((By.XPATH, '//*[@id=\"SearchCriteriaList\"]/div')))\n  File \"D:\\Documents\\ENKO EDUCATION\\IT\\CODE\\eduka_code_manager\\.venv\\lib\\site-packages\\selenium\\webdriver\\support\\wait.py\", line 95, in until\n    raise TimeoutException(message, screen, stacktrace)\nselenium.common.exceptions.TimeoutException: Message: \nStacktrace:\nBacktrace:\n\t(No symbol) [0x0058F243]\n\t(No symbol) [0x00517FD1]\n\t(No symbol) [0x0040D04D]\n\t(No symbol) [0x0043C0B0]\n\t(No symbol) [0x0043C22B]\n\t(No symbol) [0x0046E612]\n\t(No symbol) [0x004585D4]\n\t(No symbol) [0x0046C9EB]\n\t(No symbol) [0x00458386]\n\t(No symbol) [0x0043163C]\n\t(No symbol) [0x0043269D]\n\tGetHandleVerifier [0x00829A22+2655074]\n\tGetHandleVerifier [0x0081CA24+2601828]\n\tGetHandleVerifier [0x00638C0A+619850]\n\tGetHandleVerifier [0x00637830+614768]\n\t(No symbol) [0x005205FC]\n\t(No symbol) [0x00525968]\n\t(No symbol) [0x00525A55]\n\t(No symbol) [0x0053051B]\n\tBaseThreadInitThunk [0x75C400F9+25]\n\tRtlGetAppContainerNamedObjectPath [0x77CE7BBE+286]\n\tRtlGetAppContainerNamedObjectPath [0x77CE7B8E+238]\n\n"}}