{"0": {"description": "ZA --- Login with Chrome webdriver #02 failed", "origin": "Traceback (most recent call last):\n  File \"D:\\Documents\\ENKO EDUCATION\\IT\\CODE\\eduka_code_manager\\family.py\", line 181, in replace_family_codes\n    driver.get(platform[\"website_url\"] + \"/configuration/manage/sync\")\n  File \"D:\\Documents\\ENKO EDUCATION\\IT\\CODE\\eduka_code_manager\\.venv\\lib\\site-packages\\selenium\\webdriver\\remote\\webdriver.py\", line 455, in get\n    self.execute(Command.GET, {\"url\": url})\n  File \"D:\\Documents\\ENKO EDUCATION\\IT\\CODE\\eduka_code_manager\\.venv\\lib\\site-packages\\selenium\\webdriver\\remote\\webdriver.py\", line 444, in execute\n    self.error_handler.check_response(response)\n  File \"D:\\Documents\\ENKO EDUCATION\\IT\\CODE\\eduka_code_manager\\.venv\\lib\\site-packages\\selenium\\webdriver\\remote\\errorhandler.py\", line 249, in check_response\n    raise exception_class(message, screen, stacktrace)\nselenium.common.exceptions.NoSuchWindowException: Message: no such window: target window already closed\nfrom unknown error: web view not found\n  (Session info: headless chrome=109.0.5414.74)\nStacktrace:\nBacktrace:\n\t(No symbol) [0x00D36643]\n\t(No symbol) [0x00CCBE21]\n\t(No symbol) [0x00BCDA9D]\n\t(No symbol) [0x00BAEF6A]\n\t(No symbol) [0x00C23AAB]\n\t(No symbol) [0x00C361B6]\n\t(No symbol) [0x00C1FB76]\n\t(No symbol) [0x00BF49C1]\n\t(No symbol) [0x00BF5E5D]\n\tGetHandleVerifier [0x00FAA142+2497106]\n\tGetHandleVerifier [0x00FD85D3+2686691]\n\tGetHandleVerifier [0x00FDBB9C+2700460]\n\tGetHandleVerifier [0x00DE3B10+635936]\n\t(No symbol) [0x00CD4A1F]\n\t(No symbol) [0x00CDA418]\n\t(No symbol) [0x00CDA505]\n\t(No symbol) [0x00CE508B]\n\tBaseThreadInitThunk [0x755600F9+25]\n\tRtlGetAppContainerNamedObjectPath [0x773E7BBE+286]\n\tRtlGetAppContainerNamedObjectPath [0x773E7B8E+238]\n\n"}, "1": {"description": "Enko South Africa - female students --- Failed to log in with Selenium driver for getting wrong student codes.", "origin": "Traceback (most recent call last):\n  File \"D:\\Documents\\ENKO EDUCATION\\IT\\CODE\\eduka_code_manager\\student.py\", line 56, in replace_student_codes\n    element = WebDriverWait(driver, wait).until(EC.presence_of_element_located((By.ID, \"txLogin\")))\n  File \"D:\\Documents\\ENKO EDUCATION\\IT\\CODE\\eduka_code_manager\\.venv\\lib\\site-packages\\selenium\\webdriver\\support\\wait.py\", line 95, in until\n    raise TimeoutException(message, screen, stacktrace)\nselenium.common.exceptions.TimeoutException: Message: \nStacktrace:\nBacktrace:\n\t(No symbol) [0x00D36643]\n\t(No symbol) [0x00CCBE21]\n\t(No symbol) [0x00BCDA9D]\n\t(No symbol) [0x00C01342]\n\t(No symbol) [0x00C0147B]\n\t(No symbol) [0x00C38DC2]\n\t(No symbol) [0x00C1FDC4]\n\t(No symbol) [0x00C36B09]\n\t(No symbol) [0x00C1FB76]\n\t(No symbol) [0x00BF49C1]\n\t(No symbol) [0x00BF5E5D]\n\tGetHandleVerifier [0x00FAA142+2497106]\n\tGetHandleVerifier [0x00FD85D3+2686691]\n\tGetHandleVerifier [0x00FDBB9C+2700460]\n\tGetHandleVerifier [0x00DE3B10+635936]\n\t(No symbol) [0x00CD4A1F]\n\t(No symbol) [0x00CDA418]\n\t(No symbol) [0x00CDA505]\n\t(No symbol) [0x00CE508B]\n\tBaseThreadInitThunk [0x755600F9+25]\n\tRtlGetAppContainerNamedObjectPath [0x773E7BBE+286]\n\tRtlGetAppContainerNamedObjectPath [0x773E7B8E+238]\n\n"}}